{"/home/labber/lighthouse/projects/math-battle/client/src/App.js": {"path":"/home/labber/lighthouse/projects/math-battle/client/src/App.js","statementMap":{"0":{"start":{"line":16,"column":30},"end":{"line":16,"column":44}},"1":{"start":{"line":17,"column":45},"end":{"line":17,"column":61}},"2":{"start":{"line":18,"column":30},"end":{"line":18,"column":44}},"3":{"start":{"line":19,"column":42},"end":{"line":19,"column":56}},"4":{"start":{"line":20,"column":34},"end":{"line":20,"column":48}},"5":{"start":{"line":21,"column":30},"end":{"line":21,"column":45}},"6":{"start":{"line":24,"column":28},"end":{"line":24,"column":39}},"7":{"start":{"line":25,"column":36},"end":{"line":25,"column":50}},"8":{"start":{"line":26,"column":30},"end":{"line":26,"column":44}},"9":{"start":{"line":27,"column":46},"end":{"line":27,"column":61}},"10":{"start":{"line":28,"column":36},"end":{"line":28,"column":50}},"11":{"start":{"line":31,"column":36},"end":{"line":31,"column":51}},"12":{"start":{"line":32,"column":26},"end":{"line":34,"column":3}},"13":{"start":{"line":33,"column":4},"end":{"line":33,"column":23}},"14":{"start":{"line":35,"column":22},"end":{"line":38,"column":3}},"15":{"start":{"line":37,"column":4},"end":{"line":37,"column":83}},"16":{"start":{"line":41,"column":42},"end":{"line":41,"column":57}},"17":{"start":{"line":42,"column":29},"end":{"line":44,"column":3}},"18":{"start":{"line":43,"column":4},"end":{"line":43,"column":26}},"19":{"start":{"line":45,"column":25},"end":{"line":47,"column":3}},"20":{"start":{"line":46,"column":4},"end":{"line":46,"column":94}},"21":{"start":{"line":49,"column":26},"end":{"line":56,"column":3}},"22":{"start":{"line":50,"column":4},"end":{"line":50,"column":33}},"23":{"start":{"line":51,"column":4},"end":{"line":51,"column":24}},"24":{"start":{"line":52,"column":4},"end":{"line":52,"column":78}},"25":{"start":{"line":53,"column":4},"end":{"line":53,"column":20}},"26":{"start":{"line":54,"column":4},"end":{"line":54,"column":20}},"27":{"start":{"line":55,"column":4},"end":{"line":55,"column":33}},"28":{"start":{"line":58,"column":18},"end":{"line":66,"column":3}},"29":{"start":{"line":59,"column":4},"end":{"line":59,"column":36}},"30":{"start":{"line":60,"column":4},"end":{"line":60,"column":29}},"31":{"start":{"line":61,"column":4},"end":{"line":61,"column":16}},"32":{"start":{"line":62,"column":4},"end":{"line":62,"column":27}},"33":{"start":{"line":63,"column":4},"end":{"line":63,"column":23}},"34":{"start":{"line":64,"column":4},"end":{"line":64,"column":23}},"35":{"start":{"line":65,"column":4},"end":{"line":65,"column":25}},"36":{"start":{"line":68,"column":2},"end":{"line":87,"column":9}},"37":{"start":{"line":69,"column":19},"end":{"line":69,"column":46}},"38":{"start":{"line":70,"column":25},"end":{"line":70,"column":67}},"39":{"start":{"line":71,"column":4},"end":{"line":85,"column":5}},"40":{"start":{"line":72,"column":6},"end":{"line":72,"column":30}},"41":{"start":{"line":73,"column":6},"end":{"line":82,"column":11}},"42":{"start":{"line":76,"column":10},"end":{"line":76,"column":41}},"43":{"start":{"line":77,"column":10},"end":{"line":77,"column":69}},"44":{"start":{"line":80,"column":10},"end":{"line":80,"column":45}},"45":{"start":{"line":81,"column":10},"end":{"line":81,"column":50}},"46":{"start":{"line":84,"column":6},"end":{"line":84,"column":27}},"47":{"start":{"line":86,"column":4},"end":{"line":86,"column":22}},"48":{"start":{"line":89,"column":2},"end":{"line":115,"column":15}},"49":{"start":{"line":90,"column":4},"end":{"line":114,"column":5}},"50":{"start":{"line":91,"column":6},"end":{"line":113,"column":9}},"51":{"start":{"line":92,"column":29},"end":{"line":92,"column":71}},"52":{"start":{"line":93,"column":8},"end":{"line":93,"column":40}},"53":{"start":{"line":94,"column":8},"end":{"line":112,"column":9}},"54":{"start":{"line":95,"column":10},"end":{"line":95,"column":28}},"55":{"start":{"line":96,"column":10},"end":{"line":96,"column":49}},"56":{"start":{"line":97,"column":10},"end":{"line":97,"column":38}},"57":{"start":{"line":98,"column":10},"end":{"line":98,"column":89}},"58":{"start":{"line":99,"column":10},"end":{"line":99,"column":28}},"59":{"start":{"line":100,"column":10},"end":{"line":104,"column":12}},"60":{"start":{"line":106,"column":10},"end":{"line":109,"column":11}},"61":{"start":{"line":107,"column":12},"end":{"line":107,"column":41}},"62":{"start":{"line":108,"column":12},"end":{"line":108,"column":28}},"63":{"start":{"line":110,"column":10},"end":{"line":110,"column":27}},"64":{"start":{"line":111,"column":10},"end":{"line":111,"column":27}},"65":{"start":{"line":117,"column":2},"end":{"line":184,"column":4}},"66":{"start":{"line":164,"column":68},"end":{"line":164,"column":85}},"67":{"start":{"line":167,"column":71},"end":{"line":167,"column":91}}},"fnMap":{"0":{"name":"App","decl":{"start":{"line":15,"column":9},"end":{"line":15,"column":12}},"loc":{"start":{"line":15,"column":15},"end":{"line":185,"column":1}},"line":15},"1":{"name":"(anonymous_1)","decl":{"start":{"line":32,"column":26},"end":{"line":32,"column":27}},"loc":{"start":{"line":32,"column":32},"end":{"line":34,"column":3}},"line":32},"2":{"name":"(anonymous_2)","decl":{"start":{"line":35,"column":22},"end":{"line":35,"column":23}},"loc":{"start":{"line":35,"column":46},"end":{"line":38,"column":3}},"line":35},"3":{"name":"(anonymous_3)","decl":{"start":{"line":42,"column":29},"end":{"line":42,"column":30}},"loc":{"start":{"line":42,"column":35},"end":{"line":44,"column":3}},"line":42},"4":{"name":"(anonymous_4)","decl":{"start":{"line":45,"column":25},"end":{"line":45,"column":26}},"loc":{"start":{"line":45,"column":63},"end":{"line":47,"column":3}},"line":45},"5":{"name":"(anonymous_5)","decl":{"start":{"line":49,"column":26},"end":{"line":49,"column":27}},"loc":{"start":{"line":49,"column":32},"end":{"line":56,"column":3}},"line":49},"6":{"name":"(anonymous_6)","decl":{"start":{"line":58,"column":18},"end":{"line":58,"column":19}},"loc":{"start":{"line":58,"column":24},"end":{"line":66,"column":3}},"line":58},"7":{"name":"(anonymous_7)","decl":{"start":{"line":68,"column":12},"end":{"line":68,"column":13}},"loc":{"start":{"line":68,"column":18},"end":{"line":87,"column":3}},"line":68},"8":{"name":"(anonymous_8)","decl":{"start":{"line":75,"column":14},"end":{"line":75,"column":15}},"loc":{"start":{"line":75,"column":23},"end":{"line":78,"column":9}},"line":75},"9":{"name":"(anonymous_9)","decl":{"start":{"line":79,"column":15},"end":{"line":79,"column":16}},"loc":{"start":{"line":79,"column":24},"end":{"line":82,"column":9}},"line":79},"10":{"name":"(anonymous_10)","decl":{"start":{"line":89,"column":12},"end":{"line":89,"column":13}},"loc":{"start":{"line":89,"column":18},"end":{"line":115,"column":3}},"line":89},"11":{"name":"(anonymous_11)","decl":{"start":{"line":91,"column":35},"end":{"line":91,"column":36}},"loc":{"start":{"line":91,"column":72},"end":{"line":113,"column":7}},"line":91},"12":{"name":"(anonymous_12)","decl":{"start":{"line":164,"column":62},"end":{"line":164,"column":63}},"loc":{"start":{"line":164,"column":68},"end":{"line":164,"column":85}},"line":164},"13":{"name":"(anonymous_13)","decl":{"start":{"line":167,"column":65},"end":{"line":167,"column":66}},"loc":{"start":{"line":167,"column":71},"end":{"line":167,"column":91}},"line":167}},"branchMap":{"0":{"loc":{"start":{"line":71,"column":4},"end":{"line":85,"column":5}},"type":"if","locations":[{"start":{"line":71,"column":4},"end":{"line":85,"column":5}},{"start":{"line":83,"column":11},"end":{"line":85,"column":5}}],"line":71},"1":{"loc":{"start":{"line":90,"column":4},"end":{"line":114,"column":5}},"type":"if","locations":[{"start":{"line":90,"column":4},"end":{"line":114,"column":5}},{"start":{},"end":{}}],"line":90},"2":{"loc":{"start":{"line":93,"column":17},"end":{"line":93,"column":39}},"type":"binary-expr","locations":[{"start":{"line":93,"column":17},"end":{"line":93,"column":29}},{"start":{"line":93,"column":33},"end":{"line":93,"column":39}}],"line":93},"3":{"loc":{"start":{"line":94,"column":8},"end":{"line":112,"column":9}},"type":"if","locations":[{"start":{"line":94,"column":8},"end":{"line":112,"column":9}},{"start":{"line":105,"column":15},"end":{"line":112,"column":9}}],"line":94},"4":{"loc":{"start":{"line":94,"column":12},"end":{"line":94,"column":47}},"type":"binary-expr","locations":[{"start":{"line":94,"column":12},"end":{"line":94,"column":18}},{"start":{"line":94,"column":22},"end":{"line":94,"column":47}}],"line":94},"5":{"loc":{"start":{"line":98,"column":26},"end":{"line":98,"column":87}},"type":"cond-expr","locations":[{"start":{"line":98,"column":54},"end":{"line":98,"column":80}},{"start":{"line":98,"column":83},"end":{"line":98,"column":87}}],"line":98},"6":{"loc":{"start":{"line":102,"column":14},"end":{"line":102,"column":78}},"type":"cond-expr","locations":[{"start":{"line":102,"column":42},"end":{"line":102,"column":68}},{"start":{"line":102,"column":71},"end":{"line":102,"column":78}}],"line":102},"7":{"loc":{"start":{"line":106,"column":10},"end":{"line":109,"column":11}},"type":"if","locations":[{"start":{"line":106,"column":10},"end":{"line":109,"column":11}},{"start":{},"end":{}}],"line":106},"8":{"loc":{"start":{"line":127,"column":9},"end":{"line":178,"column":9}},"type":"cond-expr","locations":[{"start":{"line":128,"column":10},"end":{"line":161,"column":13}},{"start":{"line":163,"column":10},"end":{"line":177,"column":16}}],"line":127},"9":{"loc":{"start":{"line":127,"column":9},"end":{"line":127,"column":35}},"type":"binary-expr","locations":[{"start":{"line":127,"column":9},"end":{"line":127,"column":15}},{"start":{"line":127,"column":19},"end":{"line":127,"column":35}}],"line":127},"10":{"loc":{"start":{"line":129,"column":13},"end":{"line":160,"column":13}},"type":"cond-expr","locations":[{"start":{"line":130,"column":14},"end":{"line":150,"column":16}},{"start":{"line":152,"column":14},"end":{"line":159,"column":16}}],"line":129}},"s":{"0":0,"1":0,"2":0,"3":0,"4":0,"5":0,"6":0,"7":0,"8":0,"9":0,"10":0,"11":0,"12":0,"13":0,"14":0,"15":0,"16":0,"17":0,"18":0,"19":0,"20":0,"21":0,"22":0,"23":0,"24":0,"25":0,"26":0,"27":0,"28":0,"29":0,"30":0,"31":0,"32":0,"33":0,"34":0,"35":0,"36":0,"37":0,"38":0,"39":0,"40":0,"41":0,"42":0,"43":0,"44":0,"45":0,"46":0,"47":0,"48":0,"49":0,"50":0,"51":0,"52":0,"53":0,"54":0,"55":0,"56":0,"57":0,"58":0,"59":0,"60":0,"61":0,"62":0,"63":0,"64":0,"65":0,"66":0,"67":0},"f":{"0":0,"1":0,"2":0,"3":0,"4":0,"5":0,"6":0,"7":0,"8":0,"9":0,"10":0,"11":0,"12":0,"13":0},"b":{"0":[0,0],"1":[0,0],"2":[0,0],"3":[0,0],"4":[0,0],"5":[0,0],"6":[0,0],"7":[0,0],"8":[0,0],"9":[0,0],"10":[0,0]}}
,"/home/labber/lighthouse/projects/math-battle/client/src/index.js": {"path":"/home/labber/lighthouse/projects/math-battle/client/src/index.js","statementMap":{"0":{"start":{"line":10,"column":13},"end":{"line":10,"column":65}},"1":{"start":{"line":11,"column":0},"end":{"line":15,"column":2}},"2":{"start":{"line":20,"column":0},"end":{"line":20,"column":18}}},"fnMap":{},"branchMap":{},"s":{"0":0,"1":0,"2":0},"f":{},"b":{}}
,"/home/labber/lighthouse/projects/math-battle/client/src/reportWebVitals.js": {"path":"/home/labber/lighthouse/projects/math-battle/client/src/reportWebVitals.js","statementMap":{"0":{"start":{"line":1,"column":24},"end":{"line":11,"column":1}},"1":{"start":{"line":2,"column":2},"end":{"line":10,"column":3}},"2":{"start":{"line":3,"column":4},"end":{"line":9,"column":7}},"3":{"start":{"line":4,"column":6},"end":{"line":4,"column":26}},"4":{"start":{"line":5,"column":6},"end":{"line":5,"column":26}},"5":{"start":{"line":6,"column":6},"end":{"line":6,"column":26}},"6":{"start":{"line":7,"column":6},"end":{"line":7,"column":26}},"7":{"start":{"line":8,"column":6},"end":{"line":8,"column":27}}},"fnMap":{"0":{"name":"(anonymous_0)","decl":{"start":{"line":1,"column":24},"end":{"line":1,"column":25}},"loc":{"start":{"line":1,"column":39},"end":{"line":11,"column":1}},"line":1},"1":{"name":"(anonymous_1)","decl":{"start":{"line":3,"column":30},"end":{"line":3,"column":31}},"loc":{"start":{"line":3,"column":79},"end":{"line":9,"column":5}},"line":3}},"branchMap":{"0":{"loc":{"start":{"line":2,"column":2},"end":{"line":10,"column":3}},"type":"if","locations":[{"start":{"line":2,"column":2},"end":{"line":10,"column":3}},{"start":{},"end":{}}],"line":2},"1":{"loc":{"start":{"line":2,"column":6},"end":{"line":2,"column":52}},"type":"binary-expr","locations":[{"start":{"line":2,"column":6},"end":{"line":2,"column":17}},{"start":{"line":2,"column":21},"end":{"line":2,"column":52}}],"line":2}},"s":{"0":0,"1":0,"2":0,"3":0,"4":0,"5":0,"6":0,"7":0},"f":{"0":0,"1":0},"b":{"0":[0,0],"1":[0,0]}}
,"/home/labber/lighthouse/projects/math-battle/client/src/Helpers/socketLoad.js": {"path":"/home/labber/lighthouse/projects/math-battle/client/src/Helpers/socketLoad.js","statementMap":{"0":{"start":{"line":1,"column":19},"end":{"line":146,"column":1}},"1":{"start":{"line":24,"column":2},"end":{"line":35,"column":5}},"2":{"start":{"line":25,"column":25},"end":{"line":25,"column":67}},"3":{"start":{"line":26,"column":4},"end":{"line":26,"column":76}},"4":{"start":{"line":27,"column":4},"end":{"line":34,"column":5}},"5":{"start":{"line":29,"column":6},"end":{"line":33,"column":9}},"6":{"start":{"line":37,"column":2},"end":{"line":42,"column":5}},"7":{"start":{"line":38,"column":4},"end":{"line":38,"column":50}},"8":{"start":{"line":39,"column":4},"end":{"line":39,"column":26}},"9":{"start":{"line":40,"column":4},"end":{"line":40,"column":28}},"10":{"start":{"line":41,"column":4},"end":{"line":41,"column":20}},"11":{"start":{"line":44,"column":2},"end":{"line":46,"column":5}},"12":{"start":{"line":45,"column":4},"end":{"line":45,"column":45}},"13":{"start":{"line":45,"column":21},"end":{"line":45,"column":37}},"14":{"start":{"line":48,"column":2},"end":{"line":57,"column":5}},"15":{"start":{"line":49,"column":4},"end":{"line":49,"column":45}},"16":{"start":{"line":50,"column":22},"end":{"line":50,"column":72}},"17":{"start":{"line":51,"column":4},"end":{"line":51,"column":45}},"18":{"start":{"line":52,"column":4},"end":{"line":52,"column":26}},"19":{"start":{"line":53,"column":4},"end":{"line":53,"column":28}},"20":{"start":{"line":54,"column":4},"end":{"line":54,"column":26}},"21":{"start":{"line":55,"column":4},"end":{"line":55,"column":59}},"22":{"start":{"line":56,"column":4},"end":{"line":56,"column":96}},"23":{"start":{"line":59,"column":2},"end":{"line":62,"column":5}},"24":{"start":{"line":60,"column":4},"end":{"line":60,"column":26}},"25":{"start":{"line":61,"column":4},"end":{"line":61,"column":30}},"26":{"start":{"line":64,"column":2},"end":{"line":74,"column":5}},"27":{"start":{"line":65,"column":4},"end":{"line":65,"column":32}},"28":{"start":{"line":66,"column":4},"end":{"line":66,"column":69}},"29":{"start":{"line":67,"column":4},"end":{"line":67,"column":50}},"30":{"start":{"line":68,"column":4},"end":{"line":68,"column":20}},"31":{"start":{"line":69,"column":4},"end":{"line":69,"column":26}},"32":{"start":{"line":70,"column":4},"end":{"line":70,"column":20}},"33":{"start":{"line":71,"column":4},"end":{"line":71,"column":28}},"34":{"start":{"line":72,"column":4},"end":{"line":72,"column":59}},"35":{"start":{"line":73,"column":4},"end":{"line":73,"column":87}},"36":{"start":{"line":76,"column":2},"end":{"line":82,"column":5}},"37":{"start":{"line":77,"column":4},"end":{"line":80,"column":5}},"38":{"start":{"line":78,"column":6},"end":{"line":78,"column":34}},"39":{"start":{"line":79,"column":6},"end":{"line":79,"column":71}},"40":{"start":{"line":81,"column":4},"end":{"line":81,"column":20}},"41":{"start":{"line":84,"column":2},"end":{"line":86,"column":5}},"42":{"start":{"line":85,"column":4},"end":{"line":85,"column":27}},"43":{"start":{"line":88,"column":2},"end":{"line":90,"column":5}},"44":{"start":{"line":89,"column":4},"end":{"line":89,"column":26}},"45":{"start":{"line":92,"column":2},"end":{"line":100,"column":5}},"46":{"start":{"line":93,"column":4},"end":{"line":93,"column":25}},"47":{"start":{"line":94,"column":4},"end":{"line":94,"column":29}},"48":{"start":{"line":95,"column":4},"end":{"line":95,"column":26}},"49":{"start":{"line":96,"column":4},"end":{"line":96,"column":16}},"50":{"start":{"line":97,"column":4},"end":{"line":97,"column":27}},"51":{"start":{"line":98,"column":4},"end":{"line":98,"column":23}},"52":{"start":{"line":99,"column":4},"end":{"line":99,"column":23}},"53":{"start":{"line":111,"column":2},"end":{"line":114,"column":5}},"54":{"start":{"line":112,"column":4},"end":{"line":112,"column":29}},"55":{"start":{"line":113,"column":4},"end":{"line":113,"column":25}},"56":{"start":{"line":116,"column":2},"end":{"line":119,"column":5}},"57":{"start":{"line":117,"column":4},"end":{"line":117,"column":20}},"58":{"start":{"line":118,"column":4},"end":{"line":118,"column":28}},"59":{"start":{"line":121,"column":2},"end":{"line":126,"column":5}},"60":{"start":{"line":122,"column":4},"end":{"line":122,"column":36}},"61":{"start":{"line":123,"column":4},"end":{"line":125,"column":5}},"62":{"start":{"line":124,"column":6},"end":{"line":124,"column":32}},"63":{"start":{"line":128,"column":2},"end":{"line":130,"column":5}},"64":{"start":{"line":129,"column":4},"end":{"line":129,"column":44}},"65":{"start":{"line":132,"column":2},"end":{"line":134,"column":5}},"66":{"start":{"line":133,"column":4},"end":{"line":133,"column":29}},"67":{"start":{"line":136,"column":2},"end":{"line":140,"column":5}},"68":{"start":{"line":137,"column":4},"end":{"line":137,"column":26}},"69":{"start":{"line":138,"column":4},"end":{"line":138,"column":28}},"70":{"start":{"line":139,"column":4},"end":{"line":139,"column":45}},"71":{"start":{"line":142,"column":2},"end":{"line":145,"column":5}},"72":{"start":{"line":143,"column":4},"end":{"line":143,"column":79}},"73":{"start":{"line":144,"column":4},"end":{"line":144,"column":32}},"74":{"start":{"line":148,"column":0},"end":{"line":148,"column":32}}},"fnMap":{"0":{"name":"(anonymous_0)","decl":{"start":{"line":1,"column":19},"end":{"line":1,"column":20}},"loc":{"start":{"line":23,"column":6},"end":{"line":146,"column":1}},"line":23},"1":{"name":"(anonymous_1)","decl":{"start":{"line":24,"column":23},"end":{"line":24,"column":24}},"loc":{"start":{"line":24,"column":29},"end":{"line":35,"column":3}},"line":24},"2":{"name":"(anonymous_2)","decl":{"start":{"line":37,"column":27},"end":{"line":37,"column":28}},"loc":{"start":{"line":37,"column":41},"end":{"line":42,"column":3}},"line":37},"3":{"name":"(anonymous_3)","decl":{"start":{"line":44,"column":29},"end":{"line":44,"column":30}},"loc":{"start":{"line":44,"column":35},"end":{"line":46,"column":3}},"line":44},"4":{"name":"(anonymous_4)","decl":{"start":{"line":45,"column":15},"end":{"line":45,"column":16}},"loc":{"start":{"line":45,"column":21},"end":{"line":45,"column":37}},"line":45},"5":{"name":"(anonymous_5)","decl":{"start":{"line":48,"column":26},"end":{"line":48,"column":27}},"loc":{"start":{"line":48,"column":36},"end":{"line":57,"column":3}},"line":48},"6":{"name":"(anonymous_6)","decl":{"start":{"line":59,"column":31},"end":{"line":59,"column":32}},"loc":{"start":{"line":59,"column":45},"end":{"line":62,"column":3}},"line":59},"7":{"name":"(anonymous_7)","decl":{"start":{"line":64,"column":30},"end":{"line":64,"column":31}},"loc":{"start":{"line":64,"column":49},"end":{"line":74,"column":3}},"line":64},"8":{"name":"(anonymous_8)","decl":{"start":{"line":76,"column":26},"end":{"line":76,"column":27}},"loc":{"start":{"line":76,"column":60},"end":{"line":82,"column":3}},"line":76},"9":{"name":"(anonymous_9)","decl":{"start":{"line":84,"column":34},"end":{"line":84,"column":35}},"loc":{"start":{"line":84,"column":45},"end":{"line":86,"column":3}},"line":84},"10":{"name":"(anonymous_10)","decl":{"start":{"line":88,"column":33},"end":{"line":88,"column":34}},"loc":{"start":{"line":88,"column":39},"end":{"line":90,"column":3}},"line":88},"11":{"name":"(anonymous_11)","decl":{"start":{"line":92,"column":24},"end":{"line":92,"column":25}},"loc":{"start":{"line":92,"column":30},"end":{"line":100,"column":3}},"line":92},"12":{"name":"(anonymous_12)","decl":{"start":{"line":111,"column":21},"end":{"line":111,"column":22}},"loc":{"start":{"line":111,"column":27},"end":{"line":114,"column":3}},"line":111},"13":{"name":"(anonymous_13)","decl":{"start":{"line":116,"column":22},"end":{"line":116,"column":23}},"loc":{"start":{"line":116,"column":28},"end":{"line":119,"column":3}},"line":116},"14":{"name":"(anonymous_14)","decl":{"start":{"line":121,"column":30},"end":{"line":121,"column":31}},"loc":{"start":{"line":121,"column":71},"end":{"line":126,"column":3}},"line":121},"15":{"name":"(anonymous_15)","decl":{"start":{"line":128,"column":33},"end":{"line":128,"column":34}},"loc":{"start":{"line":128,"column":56},"end":{"line":130,"column":3}},"line":128},"16":{"name":"(anonymous_16)","decl":{"start":{"line":132,"column":29},"end":{"line":132,"column":30}},"loc":{"start":{"line":132,"column":40},"end":{"line":134,"column":3}},"line":132},"17":{"name":"(anonymous_17)","decl":{"start":{"line":136,"column":35},"end":{"line":136,"column":36}},"loc":{"start":{"line":136,"column":49},"end":{"line":140,"column":3}},"line":136},"18":{"name":"(anonymous_18)","decl":{"start":{"line":142,"column":26},"end":{"line":142,"column":27}},"loc":{"start":{"line":142,"column":32},"end":{"line":145,"column":3}},"line":142}},"branchMap":{"0":{"loc":{"start":{"line":27,"column":4},"end":{"line":34,"column":5}},"type":"if","locations":[{"start":{"line":27,"column":4},"end":{"line":34,"column":5}},{"start":{},"end":{}}],"line":27},"1":{"loc":{"start":{"line":27,"column":8},"end":{"line":27,"column":31}},"type":"binary-expr","locations":[{"start":{"line":27,"column":8},"end":{"line":27,"column":15}},{"start":{"line":27,"column":19},"end":{"line":27,"column":31}}],"line":27},"2":{"loc":{"start":{"line":50,"column":22},"end":{"line":50,"column":72}},"type":"binary-expr","locations":[{"start":{"line":50,"column":22},"end":{"line":50,"column":63}},{"start":{"line":50,"column":67},"end":{"line":50,"column":72}}],"line":50},"3":{"loc":{"start":{"line":76,"column":34},"end":{"line":76,"column":55}},"type":"default-arg","locations":[{"start":{"line":76,"column":50},"end":{"line":76,"column":55}}],"line":76},"4":{"loc":{"start":{"line":77,"column":4},"end":{"line":80,"column":5}},"type":"if","locations":[{"start":{"line":77,"column":4},"end":{"line":80,"column":5}},{"start":{},"end":{}}],"line":77},"5":{"loc":{"start":{"line":121,"column":48},"end":{"line":121,"column":64}},"type":"default-arg","locations":[{"start":{"line":121,"column":60},"end":{"line":121,"column":64}}],"line":121},"6":{"loc":{"start":{"line":123,"column":4},"end":{"line":125,"column":5}},"type":"if","locations":[{"start":{"line":123,"column":4},"end":{"line":125,"column":5}},{"start":{},"end":{}}],"line":123}},"s":{"0":0,"1":0,"2":0,"3":0,"4":0,"5":0,"6":0,"7":0,"8":0,"9":0,"10":0,"11":0,"12":0,"13":0,"14":0,"15":0,"16":0,"17":0,"18":0,"19":0,"20":0,"21":0,"22":0,"23":0,"24":0,"25":0,"26":0,"27":0,"28":0,"29":0,"30":0,"31":0,"32":0,"33":0,"34":0,"35":0,"36":0,"37":0,"38":0,"39":0,"40":0,"41":0,"42":0,"43":0,"44":0,"45":0,"46":0,"47":0,"48":0,"49":0,"50":0,"51":0,"52":0,"53":0,"54":0,"55":0,"56":0,"57":0,"58":0,"59":0,"60":0,"61":0,"62":0,"63":0,"64":0,"65":0,"66":0,"67":0,"68":0,"69":0,"70":0,"71":0,"72":0,"73":0,"74":0},"f":{"0":0,"1":0,"2":0,"3":0,"4":0,"5":0,"6":0,"7":0,"8":0,"9":0,"10":0,"11":0,"12":0,"13":0,"14":0,"15":0,"16":0,"17":0,"18":0},"b":{"0":[0,0],"1":[0,0],"2":[0,0],"3":[0],"4":[0,0],"5":[0],"6":[0,0]}}
,"/home/labber/lighthouse/projects/math-battle/client/src/components/Footer.jsx": {"path":"/home/labber/lighthouse/projects/math-battle/client/src/components/Footer.jsx","statementMap":{"0":{"start":{"line":3,"column":22},"end":{"line":19,"column":1}},"1":{"start":{"line":4,"column":2},"end":{"line":18,"column":4}}},"fnMap":{"0":{"name":"(anonymous_0)","decl":{"start":{"line":3,"column":22},"end":{"line":3,"column":23}},"loc":{"start":{"line":3,"column":28},"end":{"line":19,"column":1}},"line":3}},"branchMap":{},"s":{"0":0,"1":0},"f":{"0":0},"b":{}}
,"/home/labber/lighthouse/projects/math-battle/client/src/components/InGameHeader.jsx": {"path":"/home/labber/lighthouse/projects/math-battle/client/src/components/InGameHeader.jsx","statementMap":{"0":{"start":{"line":4,"column":22},"end":{"line":62,"column":1}},"1":{"start":{"line":18,"column":2},"end":{"line":61,"column":4}}},"fnMap":{"0":{"name":"(anonymous_0)","decl":{"start":{"line":4,"column":22},"end":{"line":4,"column":23}},"loc":{"start":{"line":17,"column":6},"end":{"line":62,"column":1}},"line":17}},"branchMap":{"0":{"loc":{"start":{"line":34,"column":7},"end":{"line":45,"column":7}},"type":"binary-expr","locations":[{"start":{"line":34,"column":7},"end":{"line":34,"column":16}},{"start":{"line":35,"column":8},"end":{"line":44,"column":10}}],"line":34},"1":{"loc":{"start":{"line":48,"column":13},"end":{"line":48,"column":54}},"type":"binary-expr","locations":[{"start":{"line":48,"column":13},"end":{"line":48,"column":25}},{"start":{"line":48,"column":29},"end":{"line":48,"column":54}}],"line":48}},"s":{"0":0,"1":0},"f":{"0":0},"b":{"0":[0,0],"1":[0,0]}}
,"/home/labber/lighthouse/projects/math-battle/client/src/components/PreGameLobby.jsx": {"path":"/home/labber/lighthouse/projects/math-battle/client/src/components/PreGameLobby.jsx","statementMap":{"0":{"start":{"line":7,"column":28},"end":{"line":92,"column":1}},"1":{"start":{"line":19,"column":30},"end":{"line":19,"column":44}},"2":{"start":{"line":21,"column":2},"end":{"line":33,"column":15}},"3":{"start":{"line":22,"column":4},"end":{"line":32,"column":5}},"4":{"start":{"line":23,"column":6},"end":{"line":29,"column":7}},"5":{"start":{"line":24,"column":8},"end":{"line":24,"column":36}},"6":{"start":{"line":25,"column":13},"end":{"line":29,"column":7}},"7":{"start":{"line":26,"column":8},"end":{"line":26,"column":32}},"8":{"start":{"line":28,"column":8},"end":{"line":28,"column":25}},"9":{"start":{"line":31,"column":6},"end":{"line":31,"column":22}},"10":{"start":{"line":35,"column":2},"end":{"line":91,"column":4}},"11":{"start":{"line":37,"column":46},"end":{"line":37,"column":58}},"12":{"start":{"line":77,"column":25},"end":{"line":77,"column":36}}},"fnMap":{"0":{"name":"(anonymous_0)","decl":{"start":{"line":7,"column":28},"end":{"line":7,"column":29}},"loc":{"start":{"line":18,"column":6},"end":{"line":92,"column":1}},"line":18},"1":{"name":"(anonymous_1)","decl":{"start":{"line":21,"column":12},"end":{"line":21,"column":13}},"loc":{"start":{"line":21,"column":18},"end":{"line":33,"column":3}},"line":21},"2":{"name":"(anonymous_2)","decl":{"start":{"line":37,"column":40},"end":{"line":37,"column":41}},"loc":{"start":{"line":37,"column":46},"end":{"line":37,"column":58}},"line":37},"3":{"name":"(anonymous_3)","decl":{"start":{"line":77,"column":19},"end":{"line":77,"column":20}},"loc":{"start":{"line":77,"column":25},"end":{"line":77,"column":36}},"line":77}},"branchMap":{"0":{"loc":{"start":{"line":22,"column":4},"end":{"line":32,"column":5}},"type":"if","locations":[{"start":{"line":22,"column":4},"end":{"line":32,"column":5}},{"start":{"line":30,"column":11},"end":{"line":32,"column":5}}],"line":22},"1":{"loc":{"start":{"line":23,"column":6},"end":{"line":29,"column":7}},"type":"if","locations":[{"start":{"line":23,"column":6},"end":{"line":29,"column":7}},{"start":{"line":25,"column":13},"end":{"line":29,"column":7}}],"line":23},"2":{"loc":{"start":{"line":25,"column":13},"end":{"line":29,"column":7}},"type":"if","locations":[{"start":{"line":25,"column":13},"end":{"line":29,"column":7}},{"start":{"line":27,"column":13},"end":{"line":29,"column":7}}],"line":25},"3":{"loc":{"start":{"line":41,"column":7},"end":{"line":45,"column":7}},"type":"binary-expr","locations":[{"start":{"line":41,"column":7},"end":{"line":41,"column":13}},{"start":{"line":42,"column":8},"end":{"line":44,"column":13}}],"line":41},"4":{"loc":{"start":{"line":42,"column":31},"end":{"line":42,"column":78}},"type":"cond-expr","locations":[{"start":{"line":42,"column":61},"end":{"line":42,"column":70}},{"start":{"line":42,"column":73},"end":{"line":42,"column":78}}],"line":42},"5":{"loc":{"start":{"line":43,"column":11},"end":{"line":43,"column":61}},"type":"cond-expr","locations":[{"start":{"line":43,"column":30},"end":{"line":43,"column":41}},{"start":{"line":43,"column":44},"end":{"line":43,"column":61}}],"line":43},"6":{"loc":{"start":{"line":49,"column":51},"end":{"line":49,"column":94}},"type":"cond-expr","locations":[{"start":{"line":49,"column":81},"end":{"line":49,"column":89}},{"start":{"line":49,"column":92},"end":{"line":49,"column":94}}],"line":49},"7":{"loc":{"start":{"line":51,"column":13},"end":{"line":51,"column":62}},"type":"binary-expr","locations":[{"start":{"line":51,"column":13},"end":{"line":51,"column":25}},{"start":{"line":51,"column":29},"end":{"line":51,"column":35}},{"start":{"line":51,"column":39},"end":{"line":51,"column":62}}],"line":51},"8":{"loc":{"start":{"line":53,"column":26},"end":{"line":53,"column":59}},"type":"cond-expr","locations":[{"start":{"line":53,"column":35},"end":{"line":53,"column":54}},{"start":{"line":53,"column":57},"end":{"line":53,"column":59}}],"line":53},"9":{"loc":{"start":{"line":54,"column":13},"end":{"line":54,"column":69}},"type":"binary-expr","locations":[{"start":{"line":54,"column":13},"end":{"line":54,"column":25}},{"start":{"line":54,"column":30},"end":{"line":54,"column":68}}],"line":54},"10":{"loc":{"start":{"line":54,"column":30},"end":{"line":54,"column":68}},"type":"cond-expr","locations":[{"start":{"line":54,"column":44},"end":{"line":54,"column":53}},{"start":{"line":54,"column":56},"end":{"line":54,"column":68}}],"line":54},"11":{"loc":{"start":{"line":58,"column":9},"end":{"line":70,"column":9}},"type":"cond-expr","locations":[{"start":{"line":59,"column":10},"end":{"line":65,"column":16}},{"start":{"line":67,"column":10},"end":{"line":69,"column":16}}],"line":58},"12":{"loc":{"start":{"line":60,"column":57},"end":{"line":60,"column":96}},"type":"cond-expr","locations":[{"start":{"line":60,"column":83},"end":{"line":60,"column":91}},{"start":{"line":60,"column":94},"end":{"line":60,"column":96}}],"line":60},"13":{"loc":{"start":{"line":62,"column":15},"end":{"line":62,"column":73}},"type":"binary-expr","locations":[{"start":{"line":62,"column":15},"end":{"line":62,"column":27}},{"start":{"line":62,"column":31},"end":{"line":62,"column":37}},{"start":{"line":62,"column":41},"end":{"line":62,"column":73}}],"line":62},"14":{"loc":{"start":{"line":64,"column":28},"end":{"line":64,"column":61}},"type":"cond-expr","locations":[{"start":{"line":64,"column":37},"end":{"line":64,"column":56}},{"start":{"line":64,"column":59},"end":{"line":64,"column":61}}],"line":64},"15":{"loc":{"start":{"line":64,"column":64},"end":{"line":64,"column":104}},"type":"cond-expr","locations":[{"start":{"line":64,"column":80},"end":{"line":64,"column":89}},{"start":{"line":64,"column":92},"end":{"line":64,"column":104}}],"line":64},"16":{"loc":{"start":{"line":73,"column":7},"end":{"line":81,"column":7}},"type":"binary-expr","locations":[{"start":{"line":73,"column":7},"end":{"line":73,"column":19}},{"start":{"line":74,"column":8},"end":{"line":80,"column":17}}],"line":73},"17":{"loc":{"start":{"line":75,"column":21},"end":{"line":75,"column":54}},"type":"cond-expr","locations":[{"start":{"line":75,"column":30},"end":{"line":75,"column":49}},{"start":{"line":75,"column":52},"end":{"line":75,"column":54}}],"line":75},"18":{"loc":{"start":{"line":76,"column":19},"end":{"line":76,"column":56}},"type":"cond-expr","locations":[{"start":{"line":76,"column":33},"end":{"line":76,"column":44}},{"start":{"line":76,"column":47},"end":{"line":76,"column":56}}],"line":76},"19":{"loc":{"start":{"line":79,"column":11},"end":{"line":79,"column":44}},"type":"cond-expr","locations":[{"start":{"line":79,"column":25},"end":{"line":79,"column":34}},{"start":{"line":79,"column":37},"end":{"line":79,"column":44}}],"line":79},"20":{"loc":{"start":{"line":82,"column":7},"end":{"line":89,"column":7}},"type":"binary-expr","locations":[{"start":{"line":82,"column":7},"end":{"line":82,"column":19}},{"start":{"line":83,"column":8},"end":{"line":88,"column":14}}],"line":82}},"s":{"0":0,"1":0,"2":0,"3":0,"4":0,"5":0,"6":0,"7":0,"8":0,"9":0,"10":0,"11":0,"12":0},"f":{"0":0,"1":0,"2":0,"3":0},"b":{"0":[0,0],"1":[0,0],"2":[0,0],"3":[0,0],"4":[0,0],"5":[0,0],"6":[0,0],"7":[0,0,0],"8":[0,0],"9":[0,0],"10":[0,0],"11":[0,0],"12":[0,0],"13":[0,0,0],"14":[0,0],"15":[0,0],"16":[0,0],"17":[0,0],"18":[0,0],"19":[0,0],"20":[0,0]}}
,"/home/labber/lighthouse/projects/math-battle/client/src/components/Quiz.jsx": {"path":"/home/labber/lighthouse/projects/math-battle/client/src/components/Quiz.jsx","statementMap":{"0":{"start":{"line":10,"column":13},"end":{"line":282,"column":1}},"1":{"start":{"line":30,"column":42},"end":{"line":30,"column":56}},"2":{"start":{"line":31,"column":34},"end":{"line":31,"column":48}},"3":{"start":{"line":32,"column":36},"end":{"line":32,"column":48}},"4":{"start":{"line":33,"column":28},"end":{"line":37,"column":4}},"5":{"start":{"line":38,"column":34},"end":{"line":38,"column":48}},"6":{"start":{"line":40,"column":44},"end":{"line":40,"column":58}},"7":{"start":{"line":41,"column":46},"end":{"line":41,"column":60}},"8":{"start":{"line":42,"column":52},"end":{"line":42,"column":66}},"9":{"start":{"line":44,"column":32},"end":{"line":44,"column":51}},"10":{"start":{"line":46,"column":40},"end":{"line":46,"column":54}},"11":{"start":{"line":47,"column":42},"end":{"line":47,"column":56}},"12":{"start":{"line":50,"column":26},"end":{"line":50,"column":41}},"13":{"start":{"line":51,"column":22},"end":{"line":51,"column":42}},"14":{"start":{"line":51,"column":28},"end":{"line":51,"column":42}},"15":{"start":{"line":52,"column":21},"end":{"line":55,"column":3}},"16":{"start":{"line":53,"column":4},"end":{"line":53,"column":43}},"17":{"start":{"line":54,"column":4},"end":{"line":54,"column":18}},"18":{"start":{"line":58,"column":2},"end":{"line":85,"column":33}},"19":{"start":{"line":59,"column":4},"end":{"line":84,"column":5}},"20":{"start":{"line":60,"column":6},"end":{"line":83,"column":9}},"21":{"start":{"line":87,"column":2},"end":{"line":91,"column":20}},"22":{"start":{"line":88,"column":4},"end":{"line":90,"column":5}},"23":{"start":{"line":89,"column":6},"end":{"line":89,"column":87}},"24":{"start":{"line":93,"column":20},"end":{"line":95,"column":3}},"25":{"start":{"line":94,"column":4},"end":{"line":94,"column":36}},"26":{"start":{"line":94,"column":29},"end":{"line":94,"column":34}},"27":{"start":{"line":97,"column":16},"end":{"line":100,"column":3}},"28":{"start":{"line":98,"column":4},"end":{"line":98,"column":33}},"29":{"start":{"line":99,"column":4},"end":{"line":99,"column":25}},"30":{"start":{"line":102,"column":17},"end":{"line":105,"column":3}},"31":{"start":{"line":103,"column":4},"end":{"line":103,"column":34}},"32":{"start":{"line":104,"column":4},"end":{"line":104,"column":20}},"33":{"start":{"line":107,"column":23},"end":{"line":142,"column":3}},"34":{"start":{"line":108,"column":24},"end":{"line":108,"column":40}},"35":{"start":{"line":110,"column":4},"end":{"line":112,"column":5}},"36":{"start":{"line":111,"column":6},"end":{"line":111,"column":13}},"37":{"start":{"line":114,"column":19},"end":{"line":114,"column":58}},"38":{"start":{"line":115,"column":4},"end":{"line":115,"column":24}},"39":{"start":{"line":117,"column":4},"end":{"line":127,"column":7}},"40":{"start":{"line":118,"column":6},"end":{"line":126,"column":8}},"41":{"start":{"line":128,"column":4},"end":{"line":128,"column":64}},"42":{"start":{"line":130,"column":4},"end":{"line":132,"column":5}},"43":{"start":{"line":131,"column":6},"end":{"line":131,"column":77}},"44":{"start":{"line":134,"column":21},"end":{"line":138,"column":5}},"45":{"start":{"line":140,"column":4},"end":{"line":140,"column":20}},"46":{"start":{"line":141,"column":4},"end":{"line":141,"column":48}},"47":{"start":{"line":141,"column":27},"end":{"line":141,"column":46}},"48":{"start":{"line":144,"column":2},"end":{"line":156,"column":29}},"49":{"start":{"line":145,"column":27},"end":{"line":148,"column":5}},"50":{"start":{"line":146,"column":32},"end":{"line":146,"column":54}},"51":{"start":{"line":147,"column":6},"end":{"line":147,"column":37}},"52":{"start":{"line":150,"column":4},"end":{"line":155,"column":5}},"53":{"start":{"line":151,"column":6},"end":{"line":153,"column":7}},"54":{"start":{"line":152,"column":8},"end":{"line":152,"column":24}},"55":{"start":{"line":154,"column":6},"end":{"line":154,"column":23}},"56":{"start":{"line":158,"column":2},"end":{"line":173,"column":18}},"57":{"start":{"line":159,"column":4},"end":{"line":172,"column":5}},"58":{"start":{"line":160,"column":6},"end":{"line":160,"column":22}},"59":{"start":{"line":161,"column":26},"end":{"line":161,"column":67}},"60":{"start":{"line":162,"column":6},"end":{"line":170,"column":7}},"61":{"start":{"line":163,"column":8},"end":{"line":163,"column":30}},"62":{"start":{"line":165,"column":8},"end":{"line":169,"column":11}},"63":{"start":{"line":171,"column":6},"end":{"line":171,"column":23}},"64":{"start":{"line":175,"column":2},"end":{"line":185,"column":40}},"65":{"start":{"line":176,"column":4},"end":{"line":179,"column":5}},"66":{"start":{"line":177,"column":6},"end":{"line":177,"column":59}},"67":{"start":{"line":178,"column":6},"end":{"line":178,"column":86}},"68":{"start":{"line":181,"column":4},"end":{"line":184,"column":5}},"69":{"start":{"line":182,"column":6},"end":{"line":182,"column":23}},"70":{"start":{"line":183,"column":6},"end":{"line":183,"column":78}},"71":{"start":{"line":187,"column":2},"end":{"line":191,"column":15}},"72":{"start":{"line":188,"column":4},"end":{"line":190,"column":5}},"73":{"start":{"line":189,"column":6},"end":{"line":189,"column":29}},"74":{"start":{"line":194,"column":2},"end":{"line":217,"column":9}},"75":{"start":{"line":195,"column":28},"end":{"line":195,"column":73}},"76":{"start":{"line":196,"column":24},"end":{"line":196,"column":65}},"77":{"start":{"line":197,"column":28},"end":{"line":197,"column":73}},"78":{"start":{"line":199,"column":4},"end":{"line":216,"column":5}},"79":{"start":{"line":200,"column":6},"end":{"line":200,"column":36}},"80":{"start":{"line":201,"column":6},"end":{"line":212,"column":7}},"81":{"start":{"line":202,"column":8},"end":{"line":202,"column":30}},"82":{"start":{"line":203,"column":8},"end":{"line":203,"column":53}},"83":{"start":{"line":204,"column":8},"end":{"line":207,"column":11}},"84":{"start":{"line":208,"column":8},"end":{"line":208,"column":56}},"85":{"start":{"line":209,"column":8},"end":{"line":209,"column":24}},"86":{"start":{"line":210,"column":8},"end":{"line":210,"column":32}},"87":{"start":{"line":211,"column":8},"end":{"line":211,"column":38}},"88":{"start":{"line":214,"column":6},"end":{"line":214,"column":79}},"89":{"start":{"line":214,"column":33},"end":{"line":214,"column":79}},"90":{"start":{"line":215,"column":6},"end":{"line":215,"column":89}},"91":{"start":{"line":219,"column":2},"end":{"line":281,"column":4}},"92":{"start":{"line":250,"column":25},"end":{"line":250,"column":32}},"93":{"start":{"line":251,"column":26},"end":{"line":251,"column":34}}},"fnMap":{"0":{"name":"(anonymous_0)","decl":{"start":{"line":10,"column":13},"end":{"line":10,"column":14}},"loc":{"start":{"line":29,"column":6},"end":{"line":282,"column":1}},"line":29},"1":{"name":"(anonymous_1)","decl":{"start":{"line":51,"column":22},"end":{"line":51,"column":23}},"loc":{"start":{"line":51,"column":28},"end":{"line":51,"column":42}},"line":51},"2":{"name":"(anonymous_2)","decl":{"start":{"line":52,"column":21},"end":{"line":52,"column":22}},"loc":{"start":{"line":52,"column":27},"end":{"line":55,"column":3}},"line":52},"3":{"name":"(anonymous_3)","decl":{"start":{"line":58,"column":12},"end":{"line":58,"column":13}},"loc":{"start":{"line":58,"column":18},"end":{"line":85,"column":3}},"line":58},"4":{"name":"(anonymous_4)","decl":{"start":{"line":87,"column":12},"end":{"line":87,"column":13}},"loc":{"start":{"line":87,"column":18},"end":{"line":91,"column":3}},"line":87},"5":{"name":"(anonymous_5)","decl":{"start":{"line":93,"column":20},"end":{"line":93,"column":21}},"loc":{"start":{"line":93,"column":26},"end":{"line":95,"column":3}},"line":93},"6":{"name":"(anonymous_6)","decl":{"start":{"line":94,"column":19},"end":{"line":94,"column":20}},"loc":{"start":{"line":94,"column":29},"end":{"line":94,"column":34}},"line":94},"7":{"name":"(anonymous_7)","decl":{"start":{"line":97,"column":16},"end":{"line":97,"column":17}},"loc":{"start":{"line":97,"column":22},"end":{"line":100,"column":3}},"line":97},"8":{"name":"(anonymous_8)","decl":{"start":{"line":102,"column":17},"end":{"line":102,"column":18}},"loc":{"start":{"line":102,"column":23},"end":{"line":105,"column":3}},"line":102},"9":{"name":"(anonymous_9)","decl":{"start":{"line":107,"column":23},"end":{"line":107,"column":24}},"loc":{"start":{"line":107,"column":29},"end":{"line":142,"column":3}},"line":107},"10":{"name":"(anonymous_10)","decl":{"start":{"line":117,"column":13},"end":{"line":117,"column":14}},"loc":{"start":{"line":117,"column":23},"end":{"line":127,"column":5}},"line":117},"11":{"name":"(anonymous_11)","decl":{"start":{"line":141,"column":17},"end":{"line":141,"column":18}},"loc":{"start":{"line":141,"column":27},"end":{"line":141,"column":46}},"line":141},"12":{"name":"(anonymous_12)","decl":{"start":{"line":144,"column":12},"end":{"line":144,"column":13}},"loc":{"start":{"line":144,"column":18},"end":{"line":156,"column":3}},"line":144},"13":{"name":"(anonymous_13)","decl":{"start":{"line":145,"column":27},"end":{"line":145,"column":28}},"loc":{"start":{"line":145,"column":33},"end":{"line":148,"column":5}},"line":145},"14":{"name":"(anonymous_14)","decl":{"start":{"line":158,"column":12},"end":{"line":158,"column":13}},"loc":{"start":{"line":158,"column":18},"end":{"line":173,"column":3}},"line":158},"15":{"name":"(anonymous_15)","decl":{"start":{"line":175,"column":12},"end":{"line":175,"column":13}},"loc":{"start":{"line":175,"column":18},"end":{"line":185,"column":3}},"line":175},"16":{"name":"(anonymous_16)","decl":{"start":{"line":187,"column":12},"end":{"line":187,"column":13}},"loc":{"start":{"line":187,"column":18},"end":{"line":191,"column":3}},"line":187},"17":{"name":"(anonymous_17)","decl":{"start":{"line":194,"column":12},"end":{"line":194,"column":13}},"loc":{"start":{"line":194,"column":18},"end":{"line":217,"column":3}},"line":194},"18":{"name":"(anonymous_18)","decl":{"start":{"line":250,"column":19},"end":{"line":250,"column":20}},"loc":{"start":{"line":250,"column":25},"end":{"line":250,"column":32}},"line":250},"19":{"name":"(anonymous_19)","decl":{"start":{"line":251,"column":20},"end":{"line":251,"column":21}},"loc":{"start":{"line":251,"column":26},"end":{"line":251,"column":34}},"line":251}},"branchMap":{"0":{"loc":{"start":{"line":59,"column":4},"end":{"line":84,"column":5}},"type":"if","locations":[{"start":{"line":59,"column":4},"end":{"line":84,"column":5}},{"start":{},"end":{}}],"line":59},"1":{"loc":{"start":{"line":59,"column":8},"end":{"line":59,"column":34}},"type":"binary-expr","locations":[{"start":{"line":59,"column":8},"end":{"line":59,"column":14}},{"start":{"line":59,"column":18},"end":{"line":59,"column":34}}],"line":59},"2":{"loc":{"start":{"line":88,"column":4},"end":{"line":90,"column":5}},"type":"if","locations":[{"start":{"line":88,"column":4},"end":{"line":90,"column":5}},{"start":{},"end":{}}],"line":88},"3":{"loc":{"start":{"line":88,"column":8},"end":{"line":88,"column":44}},"type":"binary-expr","locations":[{"start":{"line":88,"column":8},"end":{"line":88,"column":19}},{"start":{"line":88,"column":23},"end":{"line":88,"column":44}}],"line":88},"4":{"loc":{"start":{"line":110,"column":4},"end":{"line":112,"column":5}},"type":"if","locations":[{"start":{"line":110,"column":4},"end":{"line":112,"column":5}},{"start":{},"end":{}}],"line":110},"5":{"loc":{"start":{"line":119,"column":33},"end":{"line":119,"column":47}},"type":"cond-expr","locations":[{"start":{"line":119,"column":42},"end":{"line":119,"column":43}},{"start":{"line":119,"column":46},"end":{"line":119,"column":47}}],"line":119},"6":{"loc":{"start":{"line":122,"column":28},"end":{"line":122,"column":42}},"type":"cond-expr","locations":[{"start":{"line":122,"column":37},"end":{"line":122,"column":38}},{"start":{"line":122,"column":41},"end":{"line":122,"column":42}}],"line":122},"7":{"loc":{"start":{"line":123,"column":29},"end":{"line":123,"column":43}},"type":"cond-expr","locations":[{"start":{"line":123,"column":38},"end":{"line":123,"column":39}},{"start":{"line":123,"column":42},"end":{"line":123,"column":43}}],"line":123},"8":{"loc":{"start":{"line":130,"column":4},"end":{"line":132,"column":5}},"type":"if","locations":[{"start":{"line":130,"column":4},"end":{"line":132,"column":5}},{"start":{},"end":{}}],"line":130},"9":{"loc":{"start":{"line":150,"column":4},"end":{"line":155,"column":5}},"type":"if","locations":[{"start":{"line":150,"column":4},"end":{"line":155,"column":5}},{"start":{},"end":{}}],"line":150},"10":{"loc":{"start":{"line":151,"column":6},"end":{"line":153,"column":7}},"type":"if","locations":[{"start":{"line":151,"column":6},"end":{"line":153,"column":7}},{"start":{},"end":{}}],"line":151},"11":{"loc":{"start":{"line":159,"column":4},"end":{"line":172,"column":5}},"type":"if","locations":[{"start":{"line":159,"column":4},"end":{"line":172,"column":5}},{"start":{},"end":{}}],"line":159},"12":{"loc":{"start":{"line":162,"column":6},"end":{"line":170,"column":7}},"type":"if","locations":[{"start":{"line":162,"column":6},"end":{"line":170,"column":7}},{"start":{"line":164,"column":13},"end":{"line":170,"column":7}}],"line":162},"13":{"loc":{"start":{"line":176,"column":4},"end":{"line":179,"column":5}},"type":"if","locations":[{"start":{"line":176,"column":4},"end":{"line":179,"column":5}},{"start":{},"end":{}}],"line":176},"14":{"loc":{"start":{"line":181,"column":4},"end":{"line":184,"column":5}},"type":"if","locations":[{"start":{"line":181,"column":4},"end":{"line":184,"column":5}},{"start":{},"end":{}}],"line":181},"15":{"loc":{"start":{"line":188,"column":4},"end":{"line":190,"column":5}},"type":"if","locations":[{"start":{"line":188,"column":4},"end":{"line":190,"column":5}},{"start":{},"end":{}}],"line":188},"16":{"loc":{"start":{"line":199,"column":4},"end":{"line":216,"column":5}},"type":"if","locations":[{"start":{"line":199,"column":4},"end":{"line":216,"column":5}},{"start":{"line":213,"column":11},"end":{"line":216,"column":5}}],"line":199},"17":{"loc":{"start":{"line":201,"column":6},"end":{"line":212,"column":7}},"type":"if","locations":[{"start":{"line":201,"column":6},"end":{"line":212,"column":7}},{"start":{},"end":{}}],"line":201},"18":{"loc":{"start":{"line":214,"column":6},"end":{"line":214,"column":79}},"type":"if","locations":[{"start":{"line":214,"column":6},"end":{"line":214,"column":79}},{"start":{},"end":{}}],"line":214},"19":{"loc":{"start":{"line":214,"column":10},"end":{"line":214,"column":31}},"type":"binary-expr","locations":[{"start":{"line":214,"column":10},"end":{"line":214,"column":21}},{"start":{"line":214,"column":25},"end":{"line":214,"column":31}}],"line":214},"20":{"loc":{"start":{"line":221,"column":7},"end":{"line":221,"column":80}},"type":"binary-expr","locations":[{"start":{"line":221,"column":7},"end":{"line":221,"column":13}},{"start":{"line":221,"column":17},"end":{"line":221,"column":80}}],"line":221},"21":{"loc":{"start":{"line":223,"column":7},"end":{"line":253,"column":7}},"type":"cond-expr","locations":[{"start":{"line":224,"column":8},"end":{"line":237,"column":11}},{"start":{"line":239,"column":8},"end":{"line":252,"column":10}}],"line":223},"22":{"loc":{"start":{"line":256,"column":7},"end":{"line":263,"column":7}},"type":"binary-expr","locations":[{"start":{"line":256,"column":7},"end":{"line":256,"column":16}},{"start":{"line":257,"column":8},"end":{"line":262,"column":10}}],"line":256},"23":{"loc":{"start":{"line":264,"column":7},"end":{"line":271,"column":7}},"type":"binary-expr","locations":[{"start":{"line":264,"column":7},"end":{"line":264,"column":13}},{"start":{"line":265,"column":8},"end":{"line":270,"column":10}}],"line":264}},"s":{"0":0,"1":0,"2":0,"3":0,"4":0,"5":0,"6":0,"7":0,"8":0,"9":0,"10":0,"11":0,"12":0,"13":0,"14":0,"15":0,"16":0,"17":0,"18":0,"19":0,"20":0,"21":0,"22":0,"23":0,"24":0,"25":0,"26":0,"27":0,"28":0,"29":0,"30":0,"31":0,"32":0,"33":0,"34":0,"35":0,"36":0,"37":0,"38":0,"39":0,"40":0,"41":0,"42":0,"43":0,"44":0,"45":0,"46":0,"47":0,"48":0,"49":0,"50":0,"51":0,"52":0,"53":0,"54":0,"55":0,"56":0,"57":0,"58":0,"59":0,"60":0,"61":0,"62":0,"63":0,"64":0,"65":0,"66":0,"67":0,"68":0,"69":0,"70":0,"71":0,"72":0,"73":0,"74":0,"75":0,"76":0,"77":0,"78":0,"79":0,"80":0,"81":0,"82":0,"83":0,"84":0,"85":0,"86":0,"87":0,"88":0,"89":0,"90":0,"91":0,"92":0,"93":0},"f":{"0":0,"1":0,"2":0,"3":0,"4":0,"5":0,"6":0,"7":0,"8":0,"9":0,"10":0,"11":0,"12":0,"13":0,"14":0,"15":0,"16":0,"17":0,"18":0,"19":0},"b":{"0":[0,0],"1":[0,0],"2":[0,0],"3":[0,0],"4":[0,0],"5":[0,0],"6":[0,0],"7":[0,0],"8":[0,0],"9":[0,0],"10":[0,0],"11":[0,0],"12":[0,0],"13":[0,0],"14":[0,0],"15":[0,0],"16":[0,0],"17":[0,0],"18":[0,0],"19":[0,0],"20":[0,0],"21":[0,0],"22":[0,0],"23":[0,0]}}
,"/home/labber/lighthouse/projects/math-battle/client/src/components/Header/Header.jsx": {"path":"/home/labber/lighthouse/projects/math-battle/client/src/components/Header/Header.jsx","statementMap":{"0":{"start":{"line":5,"column":22},"end":{"line":22,"column":1}},"1":{"start":{"line":6,"column":2},"end":{"line":21,"column":4}},"2":{"start":{"line":11,"column":70},"end":{"line":11,"column":87}},"3":{"start":{"line":16,"column":70},"end":{"line":16,"column":79}}},"fnMap":{"0":{"name":"(anonymous_0)","decl":{"start":{"line":5,"column":22},"end":{"line":5,"column":23}},"loc":{"start":{"line":5,"column":81},"end":{"line":22,"column":1}},"line":5},"1":{"name":"(anonymous_1)","decl":{"start":{"line":11,"column":64},"end":{"line":11,"column":65}},"loc":{"start":{"line":11,"column":70},"end":{"line":11,"column":87}},"line":11},"2":{"name":"(anonymous_2)","decl":{"start":{"line":16,"column":64},"end":{"line":16,"column":65}},"loc":{"start":{"line":16,"column":70},"end":{"line":16,"column":79}},"line":16}},"branchMap":{"0":{"loc":{"start":{"line":8,"column":7},"end":{"line":8,"column":71}},"type":"binary-expr","locations":[{"start":{"line":8,"column":7},"end":{"line":8,"column":24}},{"start":{"line":8,"column":28},"end":{"line":8,"column":71}}],"line":8},"1":{"loc":{"start":{"line":9,"column":7},"end":{"line":9,"column":83}},"type":"binary-expr","locations":[{"start":{"line":9,"column":7},"end":{"line":9,"column":14}},{"start":{"line":9,"column":18},"end":{"line":9,"column":34}},{"start":{"line":9,"column":38},"end":{"line":9,"column":83}}],"line":9},"2":{"loc":{"start":{"line":10,"column":7},"end":{"line":14,"column":7}},"type":"binary-expr","locations":[{"start":{"line":10,"column":7},"end":{"line":10,"column":13}},{"start":{"line":10,"column":17},"end":{"line":10,"column":33}},{"start":{"line":10,"column":37},"end":{"line":10,"column":44}},{"start":{"line":11,"column":8},"end":{"line":13,"column":17}}],"line":10},"3":{"loc":{"start":{"line":15,"column":7},"end":{"line":19,"column":7}},"type":"binary-expr","locations":[{"start":{"line":15,"column":7},"end":{"line":15,"column":13}},{"start":{"line":16,"column":8},"end":{"line":18,"column":17}}],"line":15}},"s":{"0":1,"1":4,"2":0,"3":0},"f":{"0":4,"1":0,"2":0},"b":{"0":[4,1],"1":[4,2,1],"2":[4,2,2,1],"3":[4,1]},"_coverageSchema":"1a1c01bbd47fc00a2c39e90264f33305004495a9","hash":"76d1e2712b3e8358b03e8f654fae8ef1eda065e4"}
,"/home/labber/lighthouse/projects/math-battle/client/src/components/KeyPad/Keypad.jsx": {"path":"/home/labber/lighthouse/projects/math-battle/client/src/components/KeyPad/Keypad.jsx","statementMap":{"0":{"start":{"line":5,"column":22},"end":{"line":202,"column":1}},"1":{"start":{"line":6,"column":25},"end":{"line":12,"column":3}},"2":{"start":{"line":7,"column":4},"end":{"line":11,"column":5}},"3":{"start":{"line":8,"column":6},"end":{"line":8,"column":32}},"4":{"start":{"line":10,"column":6},"end":{"line":10,"column":51}},"5":{"start":{"line":10,"column":27},"end":{"line":10,"column":49}},"6":{"start":{"line":14,"column":29},"end":{"line":56,"column":3}},"7":{"start":{"line":15,"column":4},"end":{"line":55,"column":5}},"8":{"start":{"line":17,"column":8},"end":{"line":23,"column":9}},"9":{"start":{"line":18,"column":10},"end":{"line":18,"column":26}},"10":{"start":{"line":19,"column":15},"end":{"line":23,"column":9}},"11":{"start":{"line":20,"column":10},"end":{"line":20,"column":26}},"12":{"start":{"line":22,"column":10},"end":{"line":22,"column":63}},"13":{"start":{"line":22,"column":31},"end":{"line":22,"column":61}},"14":{"start":{"line":24,"column":8},"end":{"line":24,"column":14}},"15":{"start":{"line":27,"column":8},"end":{"line":31,"column":9}},"16":{"start":{"line":28,"column":10},"end":{"line":28,"column":61}},"17":{"start":{"line":29,"column":10},"end":{"line":29,"column":26}},"18":{"start":{"line":30,"column":10},"end":{"line":30,"column":16}},"19":{"start":{"line":32,"column":8},"end":{"line":32,"column":30}},"20":{"start":{"line":33,"column":8},"end":{"line":33,"column":24}},"21":{"start":{"line":34,"column":8},"end":{"line":34,"column":14}},"22":{"start":{"line":37,"column":8},"end":{"line":39,"column":9}},"23":{"start":{"line":38,"column":10},"end":{"line":38,"column":16}},"24":{"start":{"line":40,"column":8},"end":{"line":40,"column":67}},"25":{"start":{"line":40,"column":29},"end":{"line":40,"column":65}},"26":{"start":{"line":41,"column":8},"end":{"line":41,"column":14}},"27":{"start":{"line":44,"column":8},"end":{"line":50,"column":9}},"28":{"start":{"line":45,"column":10},"end":{"line":45,"column":33}},"29":{"start":{"line":46,"column":15},"end":{"line":50,"column":9}},"30":{"start":{"line":47,"column":10},"end":{"line":47,"column":16}},"31":{"start":{"line":49,"column":10},"end":{"line":49,"column":47}},"32":{"start":{"line":49,"column":31},"end":{"line":49,"column":45}},"33":{"start":{"line":51,"column":8},"end":{"line":51,"column":14}},"34":{"start":{"line":54,"column":8},"end":{"line":54,"column":14}},"35":{"start":{"line":58,"column":2},"end":{"line":201,"column":4}},"36":{"start":{"line":77,"column":26},"end":{"line":77,"column":47}},"37":{"start":{"line":85,"column":26},"end":{"line":85,"column":47}},"38":{"start":{"line":96,"column":26},"end":{"line":96,"column":43}},"39":{"start":{"line":104,"column":26},"end":{"line":104,"column":43}},"40":{"start":{"line":112,"column":26},"end":{"line":112,"column":43}},"41":{"start":{"line":123,"column":26},"end":{"line":123,"column":43}},"42":{"start":{"line":131,"column":26},"end":{"line":131,"column":43}},"43":{"start":{"line":139,"column":26},"end":{"line":139,"column":43}},"44":{"start":{"line":150,"column":26},"end":{"line":150,"column":43}},"45":{"start":{"line":158,"column":26},"end":{"line":158,"column":43}},"46":{"start":{"line":166,"column":26},"end":{"line":166,"column":43}},"47":{"start":{"line":177,"column":26},"end":{"line":177,"column":47}},"48":{"start":{"line":185,"column":26},"end":{"line":185,"column":43}},"49":{"start":{"line":193,"column":26},"end":{"line":193,"column":47}}},"fnMap":{"0":{"name":"(anonymous_0)","decl":{"start":{"line":5,"column":22},"end":{"line":5,"column":23}},"loc":{"start":{"line":5,"column":75},"end":{"line":202,"column":1}},"line":5},"1":{"name":"(anonymous_1)","decl":{"start":{"line":6,"column":25},"end":{"line":6,"column":26}},"loc":{"start":{"line":6,"column":32},"end":{"line":12,"column":3}},"line":6},"2":{"name":"(anonymous_2)","decl":{"start":{"line":10,"column":17},"end":{"line":10,"column":18}},"loc":{"start":{"line":10,"column":27},"end":{"line":10,"column":49}},"line":10},"3":{"name":"(anonymous_3)","decl":{"start":{"line":14,"column":29},"end":{"line":14,"column":30}},"loc":{"start":{"line":14,"column":36},"end":{"line":56,"column":3}},"line":14},"4":{"name":"(anonymous_4)","decl":{"start":{"line":22,"column":21},"end":{"line":22,"column":22}},"loc":{"start":{"line":22,"column":31},"end":{"line":22,"column":61}},"line":22},"5":{"name":"(anonymous_5)","decl":{"start":{"line":40,"column":19},"end":{"line":40,"column":20}},"loc":{"start":{"line":40,"column":29},"end":{"line":40,"column":65}},"line":40},"6":{"name":"(anonymous_6)","decl":{"start":{"line":49,"column":21},"end":{"line":49,"column":22}},"loc":{"start":{"line":49,"column":31},"end":{"line":49,"column":45}},"line":49},"7":{"name":"(anonymous_7)","decl":{"start":{"line":77,"column":19},"end":{"line":77,"column":20}},"loc":{"start":{"line":77,"column":26},"end":{"line":77,"column":47}},"line":77},"8":{"name":"(anonymous_8)","decl":{"start":{"line":85,"column":19},"end":{"line":85,"column":20}},"loc":{"start":{"line":85,"column":26},"end":{"line":85,"column":47}},"line":85},"9":{"name":"(anonymous_9)","decl":{"start":{"line":96,"column":19},"end":{"line":96,"column":20}},"loc":{"start":{"line":96,"column":26},"end":{"line":96,"column":43}},"line":96},"10":{"name":"(anonymous_10)","decl":{"start":{"line":104,"column":19},"end":{"line":104,"column":20}},"loc":{"start":{"line":104,"column":26},"end":{"line":104,"column":43}},"line":104},"11":{"name":"(anonymous_11)","decl":{"start":{"line":112,"column":19},"end":{"line":112,"column":20}},"loc":{"start":{"line":112,"column":26},"end":{"line":112,"column":43}},"line":112},"12":{"name":"(anonymous_12)","decl":{"start":{"line":123,"column":19},"end":{"line":123,"column":20}},"loc":{"start":{"line":123,"column":26},"end":{"line":123,"column":43}},"line":123},"13":{"name":"(anonymous_13)","decl":{"start":{"line":131,"column":19},"end":{"line":131,"column":20}},"loc":{"start":{"line":131,"column":26},"end":{"line":131,"column":43}},"line":131},"14":{"name":"(anonymous_14)","decl":{"start":{"line":139,"column":19},"end":{"line":139,"column":20}},"loc":{"start":{"line":139,"column":26},"end":{"line":139,"column":43}},"line":139},"15":{"name":"(anonymous_15)","decl":{"start":{"line":150,"column":19},"end":{"line":150,"column":20}},"loc":{"start":{"line":150,"column":26},"end":{"line":150,"column":43}},"line":150},"16":{"name":"(anonymous_16)","decl":{"start":{"line":158,"column":19},"end":{"line":158,"column":20}},"loc":{"start":{"line":158,"column":26},"end":{"line":158,"column":43}},"line":158},"17":{"name":"(anonymous_17)","decl":{"start":{"line":166,"column":19},"end":{"line":166,"column":20}},"loc":{"start":{"line":166,"column":26},"end":{"line":166,"column":43}},"line":166},"18":{"name":"(anonymous_18)","decl":{"start":{"line":177,"column":19},"end":{"line":177,"column":20}},"loc":{"start":{"line":177,"column":26},"end":{"line":177,"column":47}},"line":177},"19":{"name":"(anonymous_19)","decl":{"start":{"line":185,"column":19},"end":{"line":185,"column":20}},"loc":{"start":{"line":185,"column":26},"end":{"line":185,"column":43}},"line":185},"20":{"name":"(anonymous_20)","decl":{"start":{"line":193,"column":19},"end":{"line":193,"column":20}},"loc":{"start":{"line":193,"column":26},"end":{"line":193,"column":47}},"line":193}},"branchMap":{"0":{"loc":{"start":{"line":7,"column":4},"end":{"line":11,"column":5}},"type":"if","locations":[{"start":{"line":7,"column":4},"end":{"line":11,"column":5}},{"start":{"line":9,"column":11},"end":{"line":11,"column":5}}],"line":7},"1":{"loc":{"start":{"line":7,"column":8},"end":{"line":7,"column":69}},"type":"binary-expr","locations":[{"start":{"line":7,"column":8},"end":{"line":7,"column":23}},{"start":{"line":7,"column":28},"end":{"line":7,"column":46}},{"start":{"line":7,"column":50},"end":{"line":7,"column":68}}],"line":7},"2":{"loc":{"start":{"line":15,"column":4},"end":{"line":55,"column":5}},"type":"switch","locations":[{"start":{"line":16,"column":6},"end":{"line":24,"column":14}},{"start":{"line":26,"column":6},"end":{"line":34,"column":14}},{"start":{"line":36,"column":6},"end":{"line":41,"column":14}},{"start":{"line":43,"column":6},"end":{"line":51,"column":14}},{"start":{"line":53,"column":6},"end":{"line":54,"column":14}}],"line":15},"3":{"loc":{"start":{"line":17,"column":8},"end":{"line":23,"column":9}},"type":"if","locations":[{"start":{"line":17,"column":8},"end":{"line":23,"column":9}},{"start":{"line":19,"column":15},"end":{"line":23,"column":9}}],"line":17},"4":{"loc":{"start":{"line":17,"column":12},"end":{"line":17,"column":81}},"type":"binary-expr","locations":[{"start":{"line":17,"column":12},"end":{"line":17,"column":33}},{"start":{"line":17,"column":38},"end":{"line":17,"column":58}},{"start":{"line":17,"column":62},"end":{"line":17,"column":80}}],"line":17},"5":{"loc":{"start":{"line":19,"column":15},"end":{"line":23,"column":9}},"type":"if","locations":[{"start":{"line":19,"column":15},"end":{"line":23,"column":9}},{"start":{"line":21,"column":15},"end":{"line":23,"column":9}}],"line":19},"6":{"loc":{"start":{"line":27,"column":8},"end":{"line":31,"column":9}},"type":"if","locations":[{"start":{"line":27,"column":8},"end":{"line":31,"column":9}},{"start":{},"end":{}}],"line":27},"7":{"loc":{"start":{"line":37,"column":8},"end":{"line":39,"column":9}},"type":"if","locations":[{"start":{"line":37,"column":8},"end":{"line":39,"column":9}},{"start":{},"end":{}}],"line":37},"8":{"loc":{"start":{"line":37,"column":12},"end":{"line":37,"column":52}},"type":"binary-expr","locations":[{"start":{"line":37,"column":12},"end":{"line":37,"column":27}},{"start":{"line":37,"column":31},"end":{"line":37,"column":52}}],"line":37},"9":{"loc":{"start":{"line":44,"column":8},"end":{"line":50,"column":9}},"type":"if","locations":[{"start":{"line":44,"column":8},"end":{"line":50,"column":9}},{"start":{"line":46,"column":15},"end":{"line":50,"column":9}}],"line":44},"10":{"loc":{"start":{"line":44,"column":12},"end":{"line":44,"column":55}},"type":"binary-expr","locations":[{"start":{"line":44,"column":12},"end":{"line":44,"column":33}},{"start":{"line":44,"column":37},"end":{"line":44,"column":55}}],"line":44},"11":{"loc":{"start":{"line":46,"column":15},"end":{"line":50,"column":9}},"type":"if","locations":[{"start":{"line":46,"column":15},"end":{"line":50,"column":9}},{"start":{"line":48,"column":15},"end":{"line":50,"column":9}}],"line":46},"12":{"loc":{"start":{"line":61,"column":9},"end":{"line":68,"column":9}},"type":"binary-expr","locations":[{"start":{"line":61,"column":9},"end":{"line":61,"column":17}},{"start":{"line":62,"column":10},"end":{"line":67,"column":14}}],"line":61},"13":{"loc":{"start":{"line":65,"column":15},"end":{"line":65,"column":76}},"type":"cond-expr","locations":[{"start":{"line":65,"column":38},"end":{"line":65,"column":51}},{"start":{"line":65,"column":54},"end":{"line":65,"column":76}}],"line":65}},"s":{"0":1,"1":28,"2":10,"3":8,"4":2,"5":2,"6":28,"7":7,"8":3,"9":0,"10":3,"11":2,"12":1,"13":1,"14":3,"15":0,"16":0,"17":0,"18":0,"19":0,"20":0,"21":0,"22":2,"23":1,"24":1,"25":1,"26":1,"27":2,"28":1,"29":1,"30":0,"31":1,"32":1,"33":2,"34":0,"35":28,"36":3,"37":0,"38":4,"39":0,"40":0,"41":0,"42":4,"43":0,"44":0,"45":0,"46":0,"47":2,"48":2,"49":2},"f":{"0":28,"1":10,"2":2,"3":7,"4":1,"5":1,"6":1,"7":3,"8":0,"9":4,"10":0,"11":0,"12":0,"13":4,"14":0,"15":0,"16":0,"17":0,"18":2,"19":2,"20":2},"b":{"0":[8,2],"1":[10,2,0],"2":[3,0,2,2,0],"3":[0,3],"4":[3,3,1],"5":[2,1],"6":[0,0],"7":[1,1],"8":[2,1],"9":[1,1],"10":[2,2],"11":[0,1],"12":[28,2],"13":[1,1]},"_coverageSchema":"1a1c01bbd47fc00a2c39e90264f33305004495a9","hash":"774145f3b18932798fcab9c9007a493b390f7574"}
,"/home/labber/lighthouse/projects/math-battle/client/src/components/Lobbies/LobbyCard.jsx": {"path":"/home/labber/lighthouse/projects/math-battle/client/src/components/Lobbies/LobbyCard.jsx","statementMap":{"0":{"start":{"line":4,"column":25},"end":{"line":28,"column":1}},"1":{"start":{"line":5,"column":2},"end":{"line":27,"column":4}},"2":{"start":{"line":12,"column":10},"end":{"line":15,"column":13}},"3":{"start":{"line":13,"column":12},"end":{"line":13,"column":46}},"4":{"start":{"line":14,"column":12},"end":{"line":14,"column":77}}},"fnMap":{"0":{"name":"(anonymous_0)","decl":{"start":{"line":4,"column":25},"end":{"line":4,"column":26}},"loc":{"start":{"line":4,"column":60},"end":{"line":28,"column":1}},"line":4},"1":{"name":"(anonymous_1)","decl":{"start":{"line":11,"column":17},"end":{"line":11,"column":18}},"loc":{"start":{"line":11,"column":23},"end":{"line":16,"column":9}},"line":11},"2":{"name":"(anonymous_2)","decl":{"start":{"line":12,"column":64},"end":{"line":12,"column":65}},"loc":{"start":{"line":12,"column":78},"end":{"line":15,"column":11}},"line":12}},"branchMap":{"0":{"loc":{"start":{"line":10,"column":18},"end":{"line":10,"column":63}},"type":"cond-expr","locations":[{"start":{"line":10,"column":51},"end":{"line":10,"column":55}},{"start":{"line":10,"column":58},"end":{"line":10,"column":63}}],"line":10},"1":{"loc":{"start":{"line":17,"column":16},"end":{"line":17,"column":63}},"type":"cond-expr","locations":[{"start":{"line":17,"column":49},"end":{"line":17,"column":55}},{"start":{"line":17,"column":58},"end":{"line":17,"column":63}}],"line":17},"2":{"loc":{"start":{"line":20,"column":12},"end":{"line":20,"column":98}},"type":"binary-expr","locations":[{"start":{"line":20,"column":13},"end":{"line":20,"column":35}},{"start":{"line":20,"column":39},"end":{"line":20,"column":70}},{"start":{"line":20,"column":75},"end":{"line":20,"column":98}}],"line":20},"3":{"loc":{"start":{"line":24,"column":12},"end":{"line":24,"column":98}},"type":"binary-expr","locations":[{"start":{"line":24,"column":13},"end":{"line":24,"column":35}},{"start":{"line":24,"column":39},"end":{"line":24,"column":70}},{"start":{"line":24,"column":75},"end":{"line":24,"column":98}}],"line":24}},"s":{"0":0,"1":0,"2":0,"3":0,"4":0},"f":{"0":0,"1":0,"2":0},"b":{"0":[0,0],"1":[0,0],"2":[0,0,0],"3":[0,0,0]}}
,"/home/labber/lighthouse/projects/math-battle/client/src/components/Lobbies/LobbyList.jsx": {"path":"/home/labber/lighthouse/projects/math-battle/client/src/components/Lobbies/LobbyList.jsx","statementMap":{"0":{"start":{"line":9,"column":25},"end":{"line":61,"column":1}},"1":{"start":{"line":10,"column":42},"end":{"line":10,"column":56}},"2":{"start":{"line":11,"column":38},"end":{"line":11,"column":52}},"3":{"start":{"line":13,"column":2},"end":{"line":20,"column":15}},"4":{"start":{"line":14,"column":4},"end":{"line":19,"column":5}},"5":{"start":{"line":15,"column":6},"end":{"line":17,"column":9}},"6":{"start":{"line":16,"column":8},"end":{"line":16,"column":38}},"7":{"start":{"line":18,"column":6},"end":{"line":18,"column":43}},"8":{"start":{"line":22,"column":2},"end":{"line":28,"column":21}},"9":{"start":{"line":23,"column":4},"end":{"line":27,"column":5}},"10":{"start":{"line":24,"column":6},"end":{"line":24,"column":45}},"11":{"start":{"line":26,"column":6},"end":{"line":26,"column":43}},"12":{"start":{"line":30,"column":20},"end":{"line":35,"column":3}},"13":{"start":{"line":31,"column":28},"end":{"line":31,"column":55}},"14":{"start":{"line":32,"column":4},"end":{"line":34,"column":7}},"15":{"start":{"line":33,"column":6},"end":{"line":33,"column":81}},"16":{"start":{"line":37,"column":23},"end":{"line":48,"column":3}},"17":{"start":{"line":38,"column":4},"end":{"line":47,"column":57}},"18":{"start":{"line":41,"column":8},"end":{"line":41,"column":34}},"19":{"start":{"line":42,"column":8},"end":{"line":42,"column":75}},"20":{"start":{"line":43,"column":8},"end":{"line":43,"column":26}},"21":{"start":{"line":44,"column":8},"end":{"line":44,"column":29}},"22":{"start":{"line":45,"column":8},"end":{"line":45,"column":48}},"23":{"start":{"line":47,"column":22},"end":{"line":47,"column":55}},"24":{"start":{"line":50,"column":2},"end":{"line":60,"column":4}},"25":{"start":{"line":52,"column":65},"end":{"line":52,"column":79}}},"fnMap":{"0":{"name":"(anonymous_0)","decl":{"start":{"line":9,"column":25},"end":{"line":9,"column":26}},"loc":{"start":{"line":9,"column":100},"end":{"line":61,"column":1}},"line":9},"1":{"name":"(anonymous_1)","decl":{"start":{"line":13,"column":12},"end":{"line":13,"column":13}},"loc":{"start":{"line":13,"column":18},"end":{"line":20,"column":3}},"line":13},"2":{"name":"(anonymous_2)","decl":{"start":{"line":15,"column":32},"end":{"line":15,"column":33}},"loc":{"start":{"line":15,"column":50},"end":{"line":17,"column":7}},"line":15},"3":{"name":"(anonymous_3)","decl":{"start":{"line":22,"column":12},"end":{"line":22,"column":13}},"loc":{"start":{"line":22,"column":18},"end":{"line":28,"column":3}},"line":22},"4":{"name":"(anonymous_4)","decl":{"start":{"line":30,"column":20},"end":{"line":30,"column":21}},"loc":{"start":{"line":30,"column":26},"end":{"line":35,"column":3}},"line":30},"5":{"name":"(anonymous_5)","decl":{"start":{"line":32,"column":31},"end":{"line":32,"column":32}},"loc":{"start":{"line":33,"column":6},"end":{"line":33,"column":81}},"line":33},"6":{"name":"(anonymous_6)","decl":{"start":{"line":37,"column":23},"end":{"line":37,"column":24}},"loc":{"start":{"line":37,"column":29},"end":{"line":48,"column":3}},"line":37},"7":{"name":"(anonymous_7)","decl":{"start":{"line":40,"column":12},"end":{"line":40,"column":13}},"loc":{"start":{"line":40,"column":21},"end":{"line":46,"column":7}},"line":40},"8":{"name":"(anonymous_8)","decl":{"start":{"line":47,"column":13},"end":{"line":47,"column":14}},"loc":{"start":{"line":47,"column":22},"end":{"line":47,"column":55}},"line":47},"9":{"name":"(anonymous_9)","decl":{"start":{"line":52,"column":59},"end":{"line":52,"column":60}},"loc":{"start":{"line":52,"column":65},"end":{"line":52,"column":79}},"line":52}},"branchMap":{"0":{"loc":{"start":{"line":14,"column":4},"end":{"line":19,"column":5}},"type":"if","locations":[{"start":{"line":14,"column":4},"end":{"line":19,"column":5}},{"start":{},"end":{}}],"line":14},"1":{"loc":{"start":{"line":23,"column":4},"end":{"line":27,"column":5}},"type":"if","locations":[{"start":{"line":23,"column":4},"end":{"line":27,"column":5}},{"start":{"line":25,"column":11},"end":{"line":27,"column":5}}],"line":23},"2":{"loc":{"start":{"line":57,"column":9},"end":{"line":57,"column":38}},"type":"binary-expr","locations":[{"start":{"line":57,"column":9},"end":{"line":57,"column":17}},{"start":{"line":57,"column":21},"end":{"line":57,"column":38}}],"line":57}},"s":{"0":0,"1":0,"2":0,"3":0,"4":0,"5":0,"6":0,"7":0,"8":0,"9":0,"10":0,"11":0,"12":0,"13":0,"14":0,"15":0,"16":0,"17":0,"18":0,"19":0,"20":0,"21":0,"22":0,"23":0,"24":0,"25":0},"f":{"0":0,"1":0,"2":0,"3":0,"4":0,"5":0,"6":0,"7":0,"8":0,"9":0},"b":{"0":[0,0],"1":[0,0],"2":[0,0]}}
,"/home/labber/lighthouse/projects/math-battle/client/src/components/Login/Login.jsx": {"path":"/home/labber/lighthouse/projects/math-battle/client/src/components/Login/Login.jsx","statementMap":{"0":{"start":{"line":5,"column":21},"end":{"line":76,"column":1}},"1":{"start":{"line":6,"column":34},"end":{"line":6,"column":46}},"2":{"start":{"line":7,"column":34},"end":{"line":7,"column":46}},"3":{"start":{"line":8,"column":34},"end":{"line":8,"column":48}},"4":{"start":{"line":10,"column":22},"end":{"line":15,"column":3}},"5":{"start":{"line":11,"column":4},"end":{"line":11,"column":19}},"6":{"start":{"line":12,"column":4},"end":{"line":12,"column":22}},"7":{"start":{"line":13,"column":4},"end":{"line":13,"column":20}},"8":{"start":{"line":14,"column":4},"end":{"line":14,"column":20}},"9":{"start":{"line":17,"column":22},"end":{"line":30,"column":3}},"10":{"start":{"line":18,"column":4},"end":{"line":18,"column":23}},"11":{"start":{"line":19,"column":4},"end":{"line":29,"column":9}},"12":{"start":{"line":21,"column":8},"end":{"line":21,"column":30}},"13":{"start":{"line":22,"column":8},"end":{"line":22,"column":58}},"14":{"start":{"line":23,"column":8},"end":{"line":23,"column":29}},"15":{"start":{"line":24,"column":8},"end":{"line":24,"column":22}},"16":{"start":{"line":27,"column":8},"end":{"line":27,"column":47}},"17":{"start":{"line":28,"column":8},"end":{"line":28,"column":39}},"18":{"start":{"line":32,"column":2},"end":{"line":75,"column":4}},"19":{"start":{"line":47,"column":33},"end":{"line":47,"column":60}},"20":{"start":{"line":59,"column":33},"end":{"line":59,"column":60}},"21":{"start":{"line":69,"column":52},"end":{"line":69,"column":66}}},"fnMap":{"0":{"name":"(anonymous_0)","decl":{"start":{"line":5,"column":21},"end":{"line":5,"column":22}},"loc":{"start":{"line":5,"column":62},"end":{"line":76,"column":1}},"line":5},"1":{"name":"(anonymous_1)","decl":{"start":{"line":10,"column":22},"end":{"line":10,"column":23}},"loc":{"start":{"line":10,"column":28},"end":{"line":15,"column":3}},"line":10},"2":{"name":"(anonymous_2)","decl":{"start":{"line":17,"column":22},"end":{"line":17,"column":23}},"loc":{"start":{"line":17,"column":29},"end":{"line":30,"column":3}},"line":17},"3":{"name":"(anonymous_3)","decl":{"start":{"line":20,"column":12},"end":{"line":20,"column":13}},"loc":{"start":{"line":20,"column":21},"end":{"line":25,"column":7}},"line":20},"4":{"name":"(anonymous_4)","decl":{"start":{"line":26,"column":13},"end":{"line":26,"column":14}},"loc":{"start":{"line":26,"column":22},"end":{"line":29,"column":7}},"line":26},"5":{"name":"(anonymous_5)","decl":{"start":{"line":47,"column":26},"end":{"line":47,"column":27}},"loc":{"start":{"line":47,"column":33},"end":{"line":47,"column":60}},"line":47},"6":{"name":"(anonymous_6)","decl":{"start":{"line":59,"column":26},"end":{"line":59,"column":27}},"loc":{"start":{"line":59,"column":33},"end":{"line":59,"column":60}},"line":59},"7":{"name":"(anonymous_7)","decl":{"start":{"line":69,"column":45},"end":{"line":69,"column":46}},"loc":{"start":{"line":69,"column":52},"end":{"line":69,"column":66}},"line":69}},"branchMap":{"0":{"loc":{"start":{"line":63,"column":11},"end":{"line":63,"column":40}},"type":"binary-expr","locations":[{"start":{"line":63,"column":11},"end":{"line":63,"column":19}},{"start":{"line":63,"column":23},"end":{"line":63,"column":40}}],"line":63}},"s":{"0":0,"1":0,"2":0,"3":0,"4":0,"5":0,"6":0,"7":0,"8":0,"9":0,"10":0,"11":0,"12":0,"13":0,"14":0,"15":0,"16":0,"17":0,"18":0,"19":0,"20":0,"21":0},"f":{"0":0,"1":0,"2":0,"3":0,"4":0,"5":0,"6":0,"7":0},"b":{"0":[0,0]}}
,"/home/labber/lighthouse/projects/math-battle/client/src/components/Modal/DifficultyButtons.jsx": {"path":"/home/labber/lighthouse/projects/math-battle/client/src/components/Modal/DifficultyButtons.jsx","statementMap":{"0":{"start":{"line":4,"column":33},"end":{"line":32,"column":1}},"1":{"start":{"line":11,"column":23},"end":{"line":11,"column":45}},"2":{"start":{"line":11,"column":32},"end":{"line":11,"column":45}},"3":{"start":{"line":13,"column":2},"end":{"line":31,"column":4}}},"fnMap":{"0":{"name":"(anonymous_0)","decl":{"start":{"line":4,"column":33},"end":{"line":4,"column":34}},"loc":{"start":{"line":4,"column":58},"end":{"line":32,"column":1}},"line":4},"1":{"name":"(anonymous_1)","decl":{"start":{"line":11,"column":23},"end":{"line":11,"column":24}},"loc":{"start":{"line":11,"column":32},"end":{"line":11,"column":45}},"line":11}},"branchMap":{},"s":{"0":0,"1":0,"2":0,"3":0},"f":{"0":0,"1":0},"b":{}}
,"/home/labber/lighthouse/projects/math-battle/client/src/components/Modal/SettingsModal.jsx": {"path":"/home/labber/lighthouse/projects/math-battle/client/src/components/Modal/SettingsModal.jsx","statementMap":{"0":{"start":{"line":8,"column":29},"end":{"line":90,"column":1}},"1":{"start":{"line":9,"column":38},"end":{"line":9,"column":49}},"2":{"start":{"line":10,"column":34},"end":{"line":10,"column":45}},"3":{"start":{"line":11,"column":42},"end":{"line":11,"column":53}},"4":{"start":{"line":12,"column":25},"end":{"line":16,"column":3}},"5":{"start":{"line":18,"column":21},"end":{"line":26,"column":3}},"6":{"start":{"line":19,"column":24},"end":{"line":23,"column":5}},"7":{"start":{"line":24,"column":4},"end":{"line":24,"column":63}},"8":{"start":{"line":25,"column":4},"end":{"line":25,"column":18}},"9":{"start":{"line":28,"column":2},"end":{"line":34,"column":21}},"10":{"start":{"line":29,"column":4},"end":{"line":33,"column":5}},"11":{"start":{"line":30,"column":6},"end":{"line":30,"column":45}},"12":{"start":{"line":31,"column":6},"end":{"line":31,"column":74}},"13":{"start":{"line":32,"column":6},"end":{"line":32,"column":51}},"14":{"start":{"line":36,"column":2},"end":{"line":89,"column":4}},"15":{"start":{"line":58,"column":41},"end":{"line":58,"column":78}},"16":{"start":{"line":73,"column":41},"end":{"line":73,"column":90}},"17":{"start":{"line":83,"column":51},"end":{"line":83,"column":63}}},"fnMap":{"0":{"name":"(anonymous_0)","decl":{"start":{"line":8,"column":29},"end":{"line":8,"column":30}},"loc":{"start":{"line":8,"column":86},"end":{"line":90,"column":1}},"line":8},"1":{"name":"(anonymous_1)","decl":{"start":{"line":18,"column":21},"end":{"line":18,"column":22}},"loc":{"start":{"line":18,"column":27},"end":{"line":26,"column":3}},"line":18},"2":{"name":"(anonymous_2)","decl":{"start":{"line":28,"column":12},"end":{"line":28,"column":13}},"loc":{"start":{"line":28,"column":18},"end":{"line":34,"column":3}},"line":28},"3":{"name":"(anonymous_3)","decl":{"start":{"line":58,"column":24},"end":{"line":58,"column":25}},"loc":{"start":{"line":58,"column":41},"end":{"line":58,"column":78}},"line":58},"4":{"name":"(anonymous_4)","decl":{"start":{"line":73,"column":24},"end":{"line":73,"column":25}},"loc":{"start":{"line":73,"column":41},"end":{"line":73,"column":90}},"line":73},"5":{"name":"(anonymous_5)","decl":{"start":{"line":83,"column":45},"end":{"line":83,"column":46}},"loc":{"start":{"line":83,"column":51},"end":{"line":83,"column":63}},"line":83}},"branchMap":{"0":{"loc":{"start":{"line":29,"column":4},"end":{"line":33,"column":5}},"type":"if","locations":[{"start":{"line":29,"column":4},"end":{"line":33,"column":5}},{"start":{},"end":{}}],"line":29}},"s":{"0":0,"1":0,"2":0,"3":0,"4":0,"5":0,"6":0,"7":0,"8":0,"9":0,"10":0,"11":0,"12":0,"13":0,"14":0,"15":0,"16":0,"17":0},"f":{"0":0,"1":0,"2":0,"3":0,"4":0,"5":0},"b":{"0":[0,0]}}
[...]
":{"line":9,"column":39}},"3":{"start":{"line":10,"column":4},"end":{"line":16,"column":7}},"4":{"start":{"line":11,"column":6},"end":{"line":15,"column":8}},"5":{"start":{"line":19,"column":29},"end":{"line":50,"column":3}},"6":{"start":{"line":20,"column":21},"end":{"line":20,"column":37}},"7":{"start":{"line":21,"column":22},"end":{"line":21,"column":44}},"8":{"start":{"line":22,"column":24},"end":{"line":22,"column":67}},"9":{"start":{"line":23,"column":22},"end":{"line":23,"column":24}},"10":{"start":{"line":25,"column":4},"end":{"line":48,"column":5}},"11":{"start":{"line":25,"column":17},"end":{"line":25,"column":18}},"12":{"start":{"line":26,"column":6},"end":{"line":26,"column":19}},"13":{"start":{"line":27,"column":6},"end":{"line":41,"column":7}},"14":{"start":{"line":28,"column":8},"end":{"line":33,"column":10}},"15":{"start":{"line":35,"column":8},"end":{"line":40,"column":10}},"16":{"start":{"line":42,"column":6},"end":{"line":46,"column":7}},"17":{"start":{"line":43,"column":8},"end":{"line":43,"column":107}},"18":{"start":{"line":45,"column":8},"end":{"line":45,"column":62}},"19":{"start":{"line":47,"column":6},"end":{"line":47,"column":30}},"20":{"start":{"line":49,"column":4},"end":{"line":49,"column":21}},"21":{"start":{"line":52,"column":31},"end":{"line":71,"column":3}},"22":{"start":{"line":53,"column":26},"end":{"line":53,"column":74}},"23":{"start":{"line":54,"column":25},"end":{"line":69,"column":6}},"24":{"start":{"line":55,"column":6},"end":{"line":68,"column":8}},"25":{"start":{"line":70,"column":4},"end":{"line":70,"column":24}},"26":{"start":{"line":73,"column":2},"end":{"line":87,"column":4}}},"fnMap":{"0":{"name":"(anonymous_0)","decl":{"start":{"line":7,"column":27},"end":{"line":7,"column":28}},"loc":{"start":{"line":7,"column":88},"end":{"line":88,"column":1}},"line":7},"1":{"name":"(anonymous_1)","decl":{"start":{"line":8,"column":30},"end":{"line":8,"column":31}},"loc":{"start":{"line":8,"column":43},"end":{"line":17,"column":3}},"line":8},"2":{"name":"(anonymous_2)","decl":{"start":{"line":10,"column":23},"end":{"line":10,"column":24}},"loc":{"start":{"line":10,"column":42},"end":{"line":16,"column":5}},"line":10},"3":{"name":"(anonymous_3)","decl":{"start":{"line":19,"column":29},"end":{"line":19,"column":30}},"loc":{"start":{"line":19,"column":61},"end":{"line":50,"column":3}},"line":19},"4":{"name":"(anonymous_4)","decl":{"start":{"line":52,"column":31},"end":{"line":52,"column":32}},"loc":{"start":{"line":52,"column":65},"end":{"line":71,"column":3}},"line":52},"5":{"name":"(anonymous_5)","decl":{"start":{"line":54,"column":43},"end":{"line":54,"column":44}},"loc":{"start":{"line":54,"column":109},"end":{"line":69,"column":5}},"line":54}},"branchMap":{"0":{"loc":{"start":{"line":22,"column":24},"end":{"line":22,"column":67}},"type":"cond-expr","locations":[{"start":{"line":22,"column":47},"end":{"line":22,"column":55}},{"start":{"line":22,"column":58},"end":{"line":22,"column":67}}],"line":22},"1":{"loc":{"start":{"line":27,"column":6},"end":{"line":41,"column":7}},"type":"if","locations":[{"start":{"line":27,"column":6},"end":{"line":41,"column":7}},{"start":{"line":34,"column":13},"end":{"line":41,"column":7}}],"line":27},"2":{"loc":{"start":{"line":42,"column":6},"end":{"line":46,"column":7}},"type":"if","locations":[{"start":{"line":42,"column":6},"end":{"line":46,"column":7}},{"start":{"line":44,"column":13},"end":{"line":46,"column":7}}],"line":42},"3":{"loc":{"start":{"line":60,"column":13},"end":{"line":60,"column":43}},"type":"cond-expr","locations":[{"start":{"line":60,"column":23},"end":{"line":60,"column":36}},{"start":{"line":60,"column":39},"end":{"line":60,"column":43}}],"line":60},"4":{"loc":{"start":{"line":61,"column":13},"end":{"line":61,"column":61}},"type":"binary-expr","locations":[{"start":{"line":61,"column":13},"end":{"line":61,"column":20}},{"start":{"line":61,"column":25},"end":{"line":61,"column":60}}],"line":61},"5":{"loc":{"start":{"line":61,"column":25},"end":{"line":61,"column":60}},"type":"cond-expr","locations":[{"start":{"line":61,"column":36},"end":{"line":61,"column":49}},{"start":{"line":61,"column":52},"end":{"line":61,"column":60}}],"line":61},"6":{"loc":{"start":{"line":64,"column":13},"end":{"line":64,"column":45}},"type":"cond-expr","locations":[{"start":{"line":64,"column":24},"end":{"line":64,"column":38}},{"start":{"line":64,"column":41},"end":{"line":64,"column":45}}],"line":64},"7":{"loc":{"start":{"line":65,"column":13},"end":{"line":65,"column":63}},"type":"binary-expr","locations":[{"start":{"line":65,"column":13},"end":{"line":65,"column":21}},{"start":{"line":65,"column":26},"end":{"line":65,"column":62}}],"line":65},"8":{"loc":{"start":{"line":65,"column":26},"end":{"line":65,"column":62}},"type":"cond-expr","locations":[{"start":{"line":65,"column":38},"end":{"line":65,"column":51}},{"start":{"line":65,"column":54},"end":{"line":65,"column":62}}],"line":65},"9":{"loc":{"start":{"line":84,"column":16},"end":{"line":84,"column":87}},"type":"binary-expr","locations":[{"start":{"line":84,"column":16},"end":{"line":84,"column":33}},{"start":{"line":84,"column":37},"end":{"line":84,"column":87}}],"line":84}},"s":{"0":0,"1":0,"2":0,"3":0,"4":0,"5":0,"6":0,"7":0,"8":0,"9":0,"10":0,"11":0,"12":0,"13":0,"14":0,"15":0,"16":0,"17":0,"18":0,"19":0,"20":0,"21":0,"22":0,"23":0,"24":0,"25":0,"26":0},"f":{"0":0,"1":0,"2":0,"3":0,"4":0,"5":0},"b":{"0":[0,0],"1":[0,0],"2":[0,0],"3":[0,0],"4":[0,0],"5":[0,0],"6":[0,0],"7":[0,0],"8":[0,0],"9":[0,0]}}
,"/home/labber/lighthouse/projects/math-battle/client/src/components/Timer/ReactSvgTimer.jsx": {"path":"/home/labber/lighthouse/projects/math-battle/client/src/components/Timer/ReactSvgTimer.jsx","statementMap":{"0":{"start":{"line":7,"column":24},"end":{"line":7,"column":32}},"1":{"start":{"line":8,"column":2},"end":{"line":10,"column":17}},"2":{"start":{"line":9,"column":4},"end":{"line":9,"column":37}},"3":{"start":{"line":11,"column":2},"end":{"line":20,"column":17}},"4":{"start":{"line":13,"column":6},"end":{"line":13,"column":30}},"5":{"start":{"line":15,"column":4},"end":{"line":18,"column":5}},"6":{"start":{"line":16,"column":15},"end":{"line":16,"column":35}},"7":{"start":{"line":17,"column":6},"end":{"line":17,"column":37}},"8":{"start":{"line":17,"column":19},"end":{"line":17,"column":36}},"9":{"start":{"line":19,"column":4},"end":{"line":19,"column":21}},"10":{"start":{"line":23,"column":29},"end":{"line":134,"column":1}},"11":{"start":{"line":40,"column":2},"end":{"line":40,"column":31}},"12":{"start":{"line":42,"column":24},"end":{"line":42,"column":36}},"13":{"start":{"line":43,"column":38},"end":{"line":43,"column":50}},"14":{"start":{"line":45,"column":31},"end":{"line":45,"column":48}},"15":{"start":{"line":46,"column":18},"end":{"line":46,"column":43}},"16":{"start":{"line":49,"column":2},"end":{"line":54,"column":17}},"17":{"start":{"line":50,"column":4},"end":{"line":50,"column":37}},"18":{"start":{"line":51,"column":4},"end":{"line":53,"column":5}},"19":{"start":{"line":52,"column":6},"end":{"line":52,"column":30}},"20":{"start":{"line":62,"column":2},"end":{"line":74,"column":21}},"21":{"start":{"line":65,"column":24},"end":{"line":65,"column":55}},"22":{"start":{"line":66,"column":4},"end":{"line":71,"column":5}},"23":{"start":{"line":67,"column":6},"end":{"line":67,"column":48}},"24":{"start":{"line":69,"column":6},"end":{"line":69,"column":26}},"25":{"start":{"line":70,"column":6},"end":{"line":70,"column":33}},"26":{"start":{"line":73,"column":4},"end":{"line":73,"column":47}},"27":{"start":{"line":73,"column":23},"end":{"line":73,"column":47}},"28":{"start":{"line":76,"column":16},"end":{"line":81,"column":3}},"29":{"start":{"line":79,"column":4},"end":{"line":79,"column":28}},"30":{"start":{"line":80,"column":4},"end":{"line":80,"column":15}},"31":{"start":{"line":83,"column":16},"end":{"line":86,"column":3}},"32":{"start":{"line":84,"column":4},"end":{"line":84,"column":29}},"33":{"start":{"line":85,"column":4},"end":{"line":85,"column":14}},"34":{"start":{"line":99,"column":20},"end":{"line":109,"column":3}},"35":{"start":{"line":100,"column":17},"end":{"line":100,"column":19}},"36":{"start":{"line":101,"column":18},"end":{"line":101,"column":43}},"37":{"start":{"line":102,"column":17},"end":{"line":102,"column":19}},"38":{"start":{"line":103,"column":13},"end":{"line":103,"column":57}},"39":{"start":{"line":104,"column":13},"end":{"line":104,"column":57}},"40":{"start":{"line":105,"column":14},"end":{"line":105,"column":35}},"41":{"start":{"line":107,"column":16},"end":{"line":107,"column":130}},"42":{"start":{"line":108,"column":4},"end":{"line":108,"column":17}},"43":{"start":{"line":111,"column":25},"end":{"line":118,"column":3}},"44":{"start":{"line":113,"column":4},"end":{"line":117,"column":5}},"45":{"start":{"line":114,"column":6},"end":{"line":114,"column":58}},"46":{"start":{"line":116,"column":6},"end":{"line":116,"column":55}},"47":{"start":{"line":120,"column":2},"end":{"line":133,"column":4}},"48":{"start":{"line":130,"column":27},"end":{"line":130,"column":61}},"49":{"start":{"line":136,"column":0},"end":{"line":141,"column":2}}},"fnMap":{"0":{"name":"useInterval","decl":{"start":{"line":5,"column":9},"end":{"line":5,"column":20}},"loc":{"start":{"line":5,"column":41},"end":{"line":21,"column":1}},"line":5},"1":{"name":"(anonymous_1)","decl":{"start":{"line":8,"column":12},"end":{"line":8,"column":13}},"loc":{"start":{"line":8,"column":18},"end":{"line":10,"column":3}},"line":8},"2":{"name":"(anonymous_2)","decl":{"start":{"line":11,"column":12},"end":{"line":11,"column":13}},"loc":{"start":{"line":11,"column":18},"end":{"line":20,"column":3}},"line":11},"3":{"name":"tick","decl":{"start":{"line":12,"column":13},"end":{"line":12,"column":17}},"loc":{"start":{"line":12,"column":20},"end":{"line":14,"column":5}},"line":12},"4":{"name":"(anonymous_4)","decl":{"start":{"line":17,"column":13},"end":{"line":17,"column":14}},"loc":{"start":{"line":17,"column":19},"end":{"line":17,"column":36}},"line":17},"5":{"name":"(anonymous_5)","decl":{"start":{"line":23,"column":29},"end":{"line":23,"column":30}},"loc":{"start":{"line":39,"column":6},"end":{"line":134,"column":1}},"line":39},"6":{"name":"(anonymous_6)","decl":{"start":{"line":49,"column":12},"end":{"line":49,"column":13}},"loc":{"start":{"line":49,"column":18},"end":{"line":54,"column":3}},"line":49},"7":{"name":"(anonymous_7)","decl":{"start":{"line":62,"column":14},"end":{"line":62,"column":15}},"loc":{"start":{"line":62,"column":20},"end":{"line":74,"column":3}},"line":62},"8":{"name":"(anonymous_8)","decl":{"start":{"line":76,"column":16},"end":{"line":76,"column":17}},"loc":{"start":{"line":76,"column":22},"end":{"line":81,"column":3}},"line":76},"9":{"name":"(anonymous_9)","decl":{"start":{"line":83,"column":16},"end":{"line":83,"column":17}},"loc":{"start":{"line":83,"column":22},"end":{"line":86,"column":3}},"line":83},"10":{"name":"(anonymous_10)","decl":{"start":{"line":99,"column":20},"end":{"line":99,"column":21}},"loc":{"start":{"line":99,"column":33},"end":{"line":109,"column":3}},"line":99},"11":{"name":"(anonymous_11)","decl":{"start":{"line":111,"column":25},"end":{"line":111,"column":26}},"loc":{"start":{"line":111,"column":31},"end":{"line":118,"column":3}},"line":111},"12":{"name":"(anonymous_12)","decl":{"start":{"line":130,"column":20},"end":{"line":130,"column":21}},"loc":{"start":{"line":130,"column":27},"end":{"line":130,"column":61}},"line":130}},"branchMap":{"0":{"loc":{"start":{"line":15,"column":4},"end":{"line":18,"column":5}},"type":"if","locations":[{"start":{"line":15,"column":4},"end":{"line":18,"column":5}},{"start":{},"end":{}}],"line":15},"1":{"loc":{"start":{"line":40,"column":15},"end":{"line":40,"column":30}},"type":"binary-expr","locations":[{"start":{"line":40,"column":15},"end":{"line":40,"column":25}},{"start":{"line":40,"column":29},"end":{"line":40,"column":30}}],"line":40},"2":{"loc":{"start":{"line":51,"column":4},"end":{"line":53,"column":5}},"type":"if","locations":[{"start":{"line":51,"column":4},"end":{"line":53,"column":5}},{"start":{},"end":{}}],"line":51},"3":{"loc":{"start":{"line":66,"column":4},"end":{"line":71,"column":5}},"type":"if","locations":[{"start":{"line":66,"column":4},"end":{"line":71,"column":5}},{"start":{"line":68,"column":11},"end":{"line":71,"column":5}}],"line":66},"4":{"loc":{"start":{"line":73,"column":4},"end":{"line":73,"column":47}},"type":"if","locations":[{"start":{"line":73,"column":4},"end":{"line":73,"column":47}},{"start":{},"end":{}}],"line":73},"5":{"loc":{"start":{"line":105,"column":14},"end":{"line":105,"column":35}},"type":"cond-expr","locations":[{"start":{"line":105,"column":30},"end":{"line":105,"column":31}},{"start":{"line":105,"column":34},"end":{"line":105,"column":35}}],"line":105},"6":{"loc":{"start":{"line":113,"column":4},"end":{"line":117,"column":5}},"type":"if","locations":[{"start":{"line":113,"column":4},"end":{"line":117,"column":5}},{"start":{"line":115,"column":11},"end":{"line":117,"column":5}}],"line":113},"7":{"loc":{"start":{"line":113,"column":8},"end":{"line":113,"column":45}},"type":"binary-expr","locations":[{"start":{"line":113,"column":8},"end":{"line":113,"column":27}},{"start":{"line":113,"column":31},"end":{"line":113,"column":45}}],"line":113},"8":{"loc":{"start":{"line":130,"column":27},"end":{"line":130,"column":61}},"type":"cond-expr","locations":[{"start":{"line":130,"column":44},"end":{"line":130,"column":51}},{"start":{"line":130,"column":54},"end":{"line":130,"column":61}}],"line":130}},"s":{"0":0,"1":0,"2":0,"3":0,"4":0,"5":0,"6":0,"7":0,"8":0,"9":0,"10":0,"11":0,"12":0,"13":0,"14":0,"15":0,"16":0,"17":0,"18":0,"19":0,"20":0,"21":0,"22":0,"23":0,"24":0,"25":0,"26":0,"27":0,"28":0,"29":0,"30":0,"31":0,"32":0,"33":0,"34":0,"35":0,"36":0,"37":0,"38":0,"39":0,"40":0,"41":0,"42":0,"43":0,"44":0,"45":0,"46":0,"47":0,"48":0,"49":0},"f":{"0":0,"1":0,"2":0,"3":0,"4":0,"5":0,"6":0,"7":0,"8":0,"9":0,"10":0,"11":0,"12":0},"b":{"0":[0,0],"1":[0,0],"2":[0,0],"3":[0,0],"4":[0,0],"5":[0,0],"6":[0,0],"7":[0,0],"8":[0,0]}}
,"/home/labber/lighthouse/projects/math-battle/client/src/components/Timer/Timer.jsx": {"path":"/home/labber/lighthouse/projects/math-battle/client/src/components/Timer/Timer.jsx","statementMap":{"0":{"start":{"line":5,"column":21},"end":{"line":76,"column":1}},"1":{"start":{"line":15,"column":44},"end":{"line":15,"column":59}},"2":{"start":{"line":16,"column":46},"end":{"line":16,"column":61}},"3":{"start":{"line":17,"column":46},"end":{"line":17,"column":60}},"4":{"start":{"line":18,"column":34},"end":{"line":18,"column":45}},"5":{"start":{"line":20,"column":21},"end":{"line":24,"column":3}},"6":{"start":{"line":21,"column":4},"end":{"line":21,"column":31}},"7":{"start":{"line":22,"column":4},"end":{"line":22,"column":21}},"8":{"start":{"line":23,"column":4},"end":{"line":23,"column":27}},"9":{"start":{"line":26,"column":18},"end":{"line":28,"column":3}},"10":{"start":{"line":27,"column":4},"end":{"line":27,"column":29}},"11":{"start":{"line":30,"column":21},"end":{"line":35,"column":3}},"12":{"start":{"line":34,"column":4},"end":{"line":34,"column":17}},"13":{"start":{"line":37,"column":25},"end":{"line":39,"column":3}},"14":{"start":{"line":38,"column":4},"end":{"line":38,"column":28}},"15":{"start":{"line":41,"column":2},"end":{"line":47,"column":25}},"16":{"start":{"line":42,"column":4},"end":{"line":46,"column":5}},"17":{"start":{"line":43,"column":6},"end":{"line":43,"column":36}},"18":{"start":{"line":45,"column":6},"end":{"line":45,"column":32}},"19":{"start":{"line":49,"column":2},"end":{"line":53,"column":26}},"20":{"start":{"line":50,"column":4},"end":{"line":52,"column":5}},"21":{"start":{"line":51,"column":6},"end":{"line":51,"column":36}},"22":{"start":{"line":55,"column":2},"end":{"line":75,"column":4}}},"fnMap":{"0":{"name":"(anonymous_0)","decl":{"start":{"line":5,"column":21},"end":{"line":5,"column":22}},"loc":{"start":{"line":14,"column":6},"end":{"line":76,"column":1}},"line":14},"1":{"name":"(anonymous_1)","decl":{"start":{"line":20,"column":21},"end":{"line":20,"column":22}},"loc":{"start":{"line":20,"column":33},"end":{"line":24,"column":3}},"line":20},"2":{"name":"(anonymous_2)","decl":{"start":{"line":26,"column":18},"end":{"line":26,"column":19}},"loc":{"start":{"line":26,"column":24},"end":{"line":28,"column":3}},"line":26},"3":{"name":"(anonymous_3)","decl":{"start":{"line":30,"column":21},"end":{"line":30,"column":22}},"loc":{"start":{"line":30,"column":32},"end":{"line":35,"column":3}},"line":30},"4":{"name":"(anonymous_4)","decl":{"start":{"line":37,"column":25},"end":{"line":37,"column":26}},"loc":{"start":{"line":37,"column":31},"end":{"line":39,"column":3}},"line":37},"5":{"name":"(anonymous_5)","decl":{"start":{"line":41,"column":12},"end":{"line":41,"column":13}},"loc":{"start":{"line":41,"column":18},"end":{"line":47,"column":3}},"line":41},"6":{"name":"(anonymous_6)","decl":{"start":{"line":49,"column":12},"end":{"line":49,"column":13}},"loc":{"start":{"line":49,"column":18},"end":{"line":53,"column":3}},"line":49}},"branchMap":{"0":{"loc":{"start":{"line":42,"column":4},"end":{"line":46,"column":5}},"type":"if","locations":[{"start":{"line":42,"column":4},"end":{"line":46,"column":5}},{"start":{"line":44,"column":11},"end":{"line":46,"column":5}}],"line":42},"1":{"loc":{"start":{"line":42,"column":8},"end":{"line":42,"column":32}},"type":"binary-expr","locations":[{"start":{"line":42,"column":8},"end":{"line":42,"column":19}},{"start":{"line":42,"column":23},"end":{"line":42,"column":32}}],"line":42},"2":{"loc":{"start":{"line":50,"column":4},"end":{"line":52,"column":5}},"type":"if","locations":[{"start":{"line":50,"column":4},"end":{"line":52,"column":5}},{"start":{},"end":{}}],"line":50},"3":{"loc":{"start":{"line":50,"column":8},"end":{"line":50,"column":43}},"type":"binary-expr","locations":[{"start":{"line":50,"column":8},"end":{"line":50,"column":30}},{"start":{"line":50,"column":34},"end":{"line":50,"column":43}}],"line":50},"4":{"loc":{"start":{"line":58,"column":20},"end":{"line":58,"column":35}},"type":"binary-expr","locations":[{"start":{"line":58,"column":20},"end":{"line":58,"column":29}},{"start":{"line":58,"column":33},"end":{"line":58,"column":35}}],"line":58}},"s":{"0":0,"1":0,"2":0,"3":0,"4":0,"5":0,"6":0,"7":0,"8":0,"9":0,"10":0,"11":0,"12":0,"13":0,"14":0,"15":0,"16":0,"17":0,"18":0,"19":0,"20":0,"21":0,"22":0},"f":{"0":0,"1":0,"2":0,"3":0,"4":0,"5":0,"6":0},"b":{"0":[0,0],"1":[0,0],"2":[0,0],"3":[0,0],"4":[0,0]}}
,"/home/labber/lighthouse/projects/math-battle/client/src/components/Timer/TimerSVG.jsx": {"path":"/home/labber/lighthouse/projects/math-battle/client/src/components/Timer/TimerSVG.jsx","statementMap":{"0":{"start":{"line":9,"column":24},"end":{"line":82,"column":1}},"1":{"start":{"line":11,"column":116},"end":{"line":11,"column":121}},"2":{"start":{"line":12,"column":2},"end":{"line":81,"column":4}}},"fnMap":{"0":{"name":"(anonymous_0)","decl":{"start":{"line":9,"column":24},"end":{"line":9,"column":25}},"loc":{"start":{"line":9,"column":35},"end":{"line":82,"column":1}},"line":9}},"branchMap":{"0":{"loc":{"start":{"line":34,"column":34},"end":{"line":34,"column":56}},"type":"cond-expr","locations":[{"start":{"line":34,"column":51},"end":{"line":34,"column":52}},{"start":{"line":34,"column":55},"end":{"line":34,"column":56}}],"line":34},"1":{"loc":{"start":{"line":38,"column":35},"end":{"line":38,"column":57}},"type":"cond-expr","locations":[{"start":{"line":38,"column":52},"end":{"line":38,"column":53}},{"start":{"line":38,"column":56},"end":{"line":38,"column":57}}],"line":38},"2":{"loc":{"start":{"line":70,"column":7},"end":{"line":79,"column":14}},"type":"cond-expr","locations":[{"start":{"line":71,"column":8},"end":{"line":78,"column":15}},{"start":{"line":79,"column":10},"end":{"line":79,"column":14}}],"line":70}},"s":{"0":0,"1":0,"2":0},"f":{"0":0},"b":{"0":[0,0],"1":[0,0],"2":[0,0]}}
}
